[quickoo.online/MeeLearn/index.html]
[backblue.gif]
[fade.gif]
[index.html]
[quickoo.online/MeeLearn/assets/website/css/bootstrap.min.css]
[quickoo.online/MeeLearn/assets/website/css/custom.css]
[cdnjs.cloudflare.com/ajax/libs/font-awesome/6.5.1/css/all.min.css]
[quickoo.online/MeeLearn/assets/website/js/jquery.min.js]
[connect.facebook.net/en_US/fbevents.js]
[quickoo.online/MeeLearn/category/kurtis.html]
[quickoo.online/MeeLearn/category/2-kurtis-combo.html]
[cdn.shopify.com/s/files/1/0557/7929/5328/files/photogrid.photocollagemaker.photoeditor.squarepic_202312201548338123df.png]
[quickoo.online/MeeLearn/category/3-kurtis-combo.html]
[cdn.shopify.com/s/files/1/0619/7926/3030/files/1_ae58924b-4b71-496a-a250-fccc21b70ac2c561.png]
[quickoo.online/MeeLearn/assets/images/saleislive.gif]
[images.meesho.com/images/marketing/1728324415369.gif]
[images.meesho.com/images/offer-widget-group-icon/T1W36/7tepb.png]
[quickoo.online/MeeLearn/product/c24cd76e1ce41366a4bbe8a49b02a028.html]
[cdn.shopify.com/s/files/1/0866/3888/7218/products/PIC-11303f.png]
[cdn.shopify.com/s/files/1/0685/7673/9629/products/IMG_4326-scaled3bfb.jpg]
[quickoo.online/MeeLearn/product/a8baa56554f96369ab93e4f3bb068c22.html]
[cdn.shopify.com/s/files/1/0864/0204/0081/products/photogrid.photocollagemaker.photoeditor.squarepic_2023122212814515b2c0.png]
[quickoo.online/MeeLearn/product/76dc611d6ebaafc66cc0879c71b5db5c.html]
[cdn.shopify.com/s/files/1/0685/7673/9629/products/IMG_64806575.jpg]
[quickoo.online/MeeLearn/product/013d407166ec4fa56eb1e1f8cbe183b9.html]
[quickoo.online/MeeLearn/product/0a09c8844ba8f0936c20bd791130d6b6.html]
[cdn.shopify.com/s/files/1/0864/0204/0081/products/photogrid.photocollagemaker.photoeditor.squarepic_2023122212738854ba02.png]
[cdn.shopify.com/s/files/1/0685/7673/9629/products/IMG_8394_e019c33b-dbc5-412e-baee-10d4c3d05486aa17.jpg]
[quickoo.online/MeeLearn/product/a3c65c2974270fd093ee8a9bf8ae7d0b.html]
[cdn.shopify.com/s/files/1/0685/7673/9629/products/FDA402A8-2EAB-460F-8E0D-B8EBE6C903BC-scaled33ef.jpg]
[quickoo.online/MeeLearn/product/ac627ab1ccbdb62ec96e702f07f6425b.html]
[quickoo.online/MeeLearn/product/7eabe3a1649ffa2b3ff8c02ebfd5659f.html]
[cdn.shopify.com/s/files/1/0866/3888/7218/products/Untitleddesign-4c544bfb-ed2b-4af9-97a6-02ce5b4ec990-13be6.png]
[quickoo.online/MeeLearn/product/f4b9ec30ad9f68f89b29639786cb62ef.html]
[cdn.shopify.com/s/files/1/0685/7673/9629/products/DSC7026-scaled073a.jpg]
[quickoo.online/MeeLearn/product/5ef059938ba799aaa845e1c2e8a762bd.html]
[cdn.shopify.com/s/files/1/0685/7673/9629/products/DSC4578-scaled4ccb.jpg]
[quickoo.online/MeeLearn/product/cfa0860e83a4c3a763a7e62d825349f7.html]
[cdn.shopify.com/s/files/1/0866/3888/7218/products/PIC-3-8d824d80-5fd7-427b-b3bc-48a8e9f7135fabc3.png]
[quickoo.online/MeeLearn/product/03c6b06952c750899bb03d998e631860.html]
[cdn.shopify.com/s/files/1/0866/3888/7218/products/PIC-29cfc.png]
[quickoo.online/MeeLearn/product/73278a4a86960eeb576a8fd4c9ec6997.html]
[cdn.shopify.com/s/files/1/0685/7673/9629/products/IMG_9615-scaled4521.jpg]
[quickoo.online/MeeLearn/product/705f2172834666788607efbfca35afb3.html]
[cdn.shopify.com/s/files/1/0866/3888/7218/products/SLP-1-150b2.png]
[quickoo.online/MeeLearn/product/3def184ad8f4755ff269862ea77393dd.html]
[cdn.shopify.com/s/files/1/0685/7673/9629/products/IMG_92866e99.jpg]
[quickoo.online/MeeLearn/product/54229abfcfa5649e7003b83dd4755294.html]
[cdn.shopify.com/s/files/1/0685/7673/9629/products/DSC3173-scaled626c.jpg]
[cdn.shopify.com/s/files/1/0866/3888/7218/products/SLP-14-11fcf.png]
[quickoo.online/MeeLearn/product/3b8a614226a953a8cd9526fca6fe9ba5.html]
[cdn.shopify.com/s/files/1/0866/3888/7218/products/Untitleddesign-2023-10-02T110549-663f686.png]
[quickoo.online/MeeLearn/product/5f93f983524def3dca464469d2cf9f3e.html]
[cdn.shopify.com/s/files/1/0685/7673/9629/products/IMG_718636a6.jpg]
[quickoo.online/MeeLearn/product/8f53295a73878494e9bc8dd6c3c7104f.html]
[cdn.shopify.com/s/files/1/0864/0204/0081/products/photogrid.photocollagemaker.photoeditor.squarepic_2023101612230692744d.png]
[quickoo.online/MeeLearn/product/0336dcbab05b9d5ad24f4333c7658a0e.html]
[cdn.shopify.com/s/files/1/0864/0204/0081/products/photogrid.photocollagemaker.photoeditor.squarepic_20231224183233664207a.png]
[quickoo.online/MeeLearn/product/4c5bde74a8f110656874902f07378009.html]
[cdn.shopify.com/s/files/1/0864/0204/0081/products/photogrid.photocollagemaker.photoeditor.squarepic_202312241834393965bba.png]
[quickoo.online/MeeLearn/product/0266e33d3f546cb5436a10798e657d97.html]
[cdn.shopify.com/s/files/1/0866/3888/7218/products/1-1399ca.png]
[quickoo.online/MeeLearn/product/19f3cd308f1455b3fa09a282e0d496f4.html]
[cdn.shopify.com/s/files/1/0866/3888/7218/products/1-198750.png]
[quickoo.online/MeeLearn/product/a97da629b098b75c294dffdc3e463904.html]
[cdn.shopify.com/s/files/1/0685/7673/9629/products/IMG_6868b275.jpg]
[quickoo.online/MeeLearn/product/e2ef524fbf3d9fe611d5a8e90fefdc9c.html]
[cdn.shopify.com/s/files/1/0685/7673/9629/products/DSC2454-scaled7ec5.jpg]
[quickoo.online/MeeLearn/product/45fbc6d3e05ebd93369ce542e8f2322d.html]
[cdn.shopify.com/s/files/1/0866/3888/7218/products/Untitleddesign-2023-10-02T110016-591ec9e.png]
[quickoo.online/MeeLearn/product/115f89503138416a242f40fb7d7f338e.html]
[cdn.shopify.com/s/files/1/0866/3888/7218/products/Untitleddesign-941a39.png]
[quickoo.online/MeeLearn/product/9766527f2b5d3e95d4a733fcfb77bd7e.html]
[cdn.shopify.com/s/files/1/0864/0204/0081/products/photogrid.photocollagemaker.photoeditor.squarepic_20231224183810531a970.png]
[quickoo.online/MeeLearn/product/eecca5b6365d9607ee5a9d336962c534.html]
[cdn.shopify.com/s/files/1/0864/0204/0081/products/photogrid.photocollagemaker.photoeditor.squarepic_2023122418334744717f3.png]
[quickoo.online/MeeLearn/product/077e29b11be80ab57e1a2ecabb7da330.html]
[cdn.shopify.com/s/files/1/0866/3888/7218/products/1-172b91.png]
[quickoo.online/MeeLearn/product/eae27d77ca20db309e056e3d2dcd7d69.html]
[cdn.shopify.com/s/files/1/0866/3888/7218/products/Untitleddesign-a4333a38-5029-4ba6-9fbd-20c0a0fea06d-506f1.png]
[quickoo.online/MeeLearn/product/a0a080f42e6f13b3a2df133f073095dd.html]
[cdn.shopify.com/s/files/1/0685/7673/9629/products/DSC2646-scaled19d9.jpg]
[quickoo.online/MeeLearn/product/d1c38a09acc34845c6be3a127a5aacaf.html]
[cdn.shopify.com/s/files/1/0866/3888/7218/products/SLP-5-1d5c7.png]
[quickoo.online/MeeLearn/product/7f6ffaa6bb0b408017b62254211691b5.html]
[cdn.shopify.com/s/files/1/0685/7673/9629/products/IMG_69496870.jpg]
[quickoo.online/MeeLearn/product/65ded5353c5ee48d0b7d48c591b8f430.html]
[cdn.shopify.com/s/files/1/0685/7673/9629/products/IMG_73281a9b.jpg]
[quickoo.online/MeeLearn/product/02522a2b2726fb0a03bb19f2d8d9524d.html]
[cdn.shopify.com/s/files/1/0685/7673/9629/products/DSC2190-scaled9484.jpg]
[quickoo.online/MeeLearn/product/5878a7ab84fb43402106c575658472fa.html]
[cdn.shopify.com/s/files/1/0864/0204/0081/products/photogrid.photocollagemaker.photoeditor.squarepic_20231224183724212904a.png]
[quickoo.online/MeeLearn/product/e96ed478dab8595a7dbda4cbcbee168f.html]
[cdn.shopify.com/s/files/1/0866/3888/7218/products/Untitleddesign-995d13.png]
[quickoo.online/MeeLearn/product/f0935e4cd5920aa6c7c996a5ee53a70f.html]
[cdn.shopify.com/s/files/1/0685/7673/9629/products/IMG_5950227d.jpg]
[quickoo.online/MeeLearn/product/06409663226af2f3114485aa4e0a23b4.html]
[cdn.shopify.com/s/files/1/0864/0204/0081/products/photogrid.photocollagemaker.photoeditor.squarepic_2023122016363329dc1e.png]
[quickoo.online/MeeLearn/product/a4a042cf4fd6bfb47701cbc8a1653ada.html]
[cdn.shopify.com/s/files/1/0864/0204/0081/products/photogrid.photocollagemaker.photoeditor.squarepic_20231220154338123748.png]
[quickoo.online/MeeLearn/product/bf8229696f7a3bb4700cfddef19fa23f.html]
[cdn.shopify.com/s/files/1/0864/0204/0081/products/photogrid.photocollagemaker.photoeditor.squarepic_202312241835595367020.png]
[quickoo.online/MeeLearn/product/577ef1154f3240ad5b9b413aa7346a1e.html]
[cdn.shopify.com/s/files/1/0866/3888/7218/products/SLP-25-1f2b6.png]
[quickoo.online/MeeLearn/product/979d472a84804b9f647bc185a877a8b5.html]
[cdn.shopify.com/s/files/1/0866/3888/7218/products/Untitleddesign-27210768-598c-45ec-bab3-33fc5a06a3ef-3ca4b.png]
[quickoo.online/MeeLearn/product/539fd53b59e3bb12d203f45a912eeaf2.html]
[cdn.shopify.com/s/files/1/0866/3888/7218/products/SLP-12-168a5.png]
[quickoo.online/MeeLearn/product/26657d5ff9020d2abefe558796b99584.html]
[cdn.shopify.com/s/files/1/0685/7673/9629/products/DSC6379-scaled7ec5.jpg]
[quickoo.online/MeeLearn/product/757b505cfd34c64c85ca5b5690ee5293.html]
[cdn.shopify.com/s/files/1/0864/0204/0081/products/photogrid.photocollagemaker.photoeditor.squarepic_20231224183152482e08b.png]
[quickoo.online/MeeLearn/product/fa7cdfad1a5aaf8370ebeda47a1ff1c3.html]
[cdn.shopify.com/s/files/1/0864/0204/0081/products/photogrid.photocollagemaker.photoeditor.squarepic_2023122015474256f395.png]
[quickoo.online/MeeLearn/product/3cec07e9ba5f5bb252d13f5f431e4bbb.html]
[cdn.shopify.com/s/files/1/0866/3888/7218/products/1-14-15703.png]
[quickoo.online/MeeLearn/product/bd686fd640be98efaae0091fa301e613.html]
[cdn.shopify.com/s/files/1/0864/0204/0081/products/photogrid.photocollagemaker.photoeditor.squarepic_20231224183250159c36e.png]
[quickoo.online/MeeLearn/product/274ad4786c3abca69fa097b85867d9a4.html]
[cdn.shopify.com/s/files/1/0866/3888/7218/products/Untitleddesign-456f48bc-502e-4bb1-8f70-554789650644-42513.png]
[quickoo.online/MeeLearn/product/045117b0e0a11a242b9765e79cbf113f.html]
[cdn.shopify.com/s/files/1/0864/0204/0081/products/photogrid.photocollagemaker.photoeditor.squarepic_2023122418345048213a5.png]
[quickoo.online/MeeLearn/product/cedebb6e872f539bef8c3f919874e9d7.html]
[cdn.shopify.com/s/files/1/0864/0204/0081/products/photogrid.photocollagemaker.photoeditor.squarepic_2023101612136402ff8c.png]
[quickoo.online/MeeLearn/product/58a2fc6ed39fd083f55d4182bf88826d.html]
[cdn.shopify.com/s/files/1/0864/0204/0081/products/photogrid.photocollagemaker.photoeditor.squarepic_20231223123168929d5.png]
[quickoo.online/MeeLearn/product/38af86134b65d0f10fe33d30dd76442e.html]
[cdn.shopify.com/s/files/1/0864/0204/0081/products/photogrid.photocollagemaker.photoeditor.squarepic_20231224183546786b9ad.png]
[quickoo.online/MeeLearn/product/cfecdb276f634854f3ef915e2e980c31.html]
[cdn.shopify.com/s/files/1/0864/0204/0081/products/photogrid.photocollagemaker.photoeditor.squarepic_202312231244769b1f6.png]
[cdn.shopify.com/s/files/1/0864/0204/0081/products/photogrid.photocollagemaker.photoeditor.squarepic_2023122116511537139b.png]
[quickoo.online/MeeLearn/product/b3e3e393c77e35a4a3f3cbd1e429b5dc.html]
[quickoo.online/MeeLearn/product/903ce9225fca3e988c2af215d4e544d3.html]
[cdn.shopify.com/s/files/1/0864/0204/0081/products/photogrid.photocollagemaker.photoeditor.squarepic_2023122212759659408f.png]
[quickoo.online/MeeLearn/product/38b3eff8baf56627478ec76a704e9b52.html]
[cdn.shopify.com/s/files/1/0685/7673/9629/products/IMG_5713afd6.jpg]
[quickoo.online/MeeLearn/product/c45147dee729311ef5b5c3003946c48f.html]
[cdn.shopify.com/s/files/1/0685/7673/9629/products/IMG_69029c17.jpg]
[quickoo.online/MeeLearn/product/1c9ac0159c94d8d0cbedc973445af2da.html]
[cdn.shopify.com/s/files/1/0864/0204/0081/products/photogrid.photocollagemaker.photoeditor.squarepic_2023122016397596ae4f.png]
[quickoo.online/MeeLearn/product/7ef605fc8dba5425d6965fbd4c8fbe1f.html]
[cdn.shopify.com/s/files/1/0864/0204/0081/products/photogrid.photocollagemaker.photoeditor.squarepic_2023122116554361e430.png]
[quickoo.online/MeeLearn/product/6da9003b743b65f4c0ccd295cc484e57.html]
[cdn.shopify.com/s/files/1/0866/3888/7218/products/SLP-4-16272.png]
[quickoo.online/MeeLearn/product/fc221309746013ac554571fbd180e1c8.html]
[cdn.shopify.com/s/files/1/0864/0204/0081/products/photogrid.photocollagemaker.photoeditor.squarepic_2023101612184284cdcb.png]
[quickoo.online/MeeLearn/product/006f52e9102a8d3be2fe5614f42ba989.html]
[cdn.shopify.com/s/files/1/0864/0204/0081/products/photogrid.photocollagemaker.photoeditor.squarepic_20231224183712567b2f2.png]
[quickoo.online/MeeLearn/product/a5e00132373a7031000fd987a3c9f87b.html]
[cdn.shopify.com/s/files/1/0864/0204/0081/products/photogrid.photocollagemaker.photoeditor.squarepic_20231222126236050ccb.png]
[quickoo.online/MeeLearn/product/3636638817772e42b59d74cff571fbb3.html]
[cdn.shopify.com/s/files/1/0864/0204/0081/products/photogrid.photocollagemaker.photoeditor.squarepic_2023122015465347a66e.png]
[quickoo.online/MeeLearn/product/82161242827b703e6acf9c726942a1e4.html]
[cdn.shopify.com/s/files/1/0864/0204/0081/products/photogrid.photocollagemaker.photoeditor.squarepic_2023122015404325f608.png]
[quickoo.online/MeeLearn/product/eb160de1de89d9058fcb0b968dbbbd68.html]
[cdn.shopify.com/s/files/1/0685/7673/9629/products/IMG_77956174.jpg]
[quickoo.online/MeeLearn/product/6cdd60ea0045eb7a6ec44c54d29ed402.html]
[cdn.shopify.com/s/files/1/0864/0204/0081/products/photogrid.photocollagemaker.photoeditor.squarepic_2023101612056802888a.png]
[quickoo.online/MeeLearn/product/1385974ed5904a438616ff7bdb3f7439.html]
[cdn.shopify.com/s/files/1/0685/7673/9629/products/54EACCD7-470E-4E2B-B563-4DC041CA3893-scaled8443.jpg]
[quickoo.online/MeeLearn/product/d96409bf894217686ba124d7356686c9.html]
[cdn.shopify.com/s/files/1/0866/3888/7218/products/PIC-5-06a40ee8-feed-4ea9-9ef5-be7e3c5384858e3c.png]
[quickoo.online/MeeLearn/product/e4a6222cdb5b34375400904f03d8e6a5.html]
[cdn.shopify.com/s/files/1/0866/3888/7218/products/SLP-18-104a2.png]
[cdn.shopify.com/s/files/1/0685/7673/9629/products/IMG_5389caaf.jpg]
[quickoo.online/MeeLearn/product/6974ce5ac660610b44d9b9fed0ff9548.html]
[quickoo.online/MeeLearn/product/47d1e990583c9c67424d369f3414728e.html]
[cdn.shopify.com/s/files/1/0864/0204/0081/products/photogrid.photocollagemaker.photoeditor.squarepic_2023122212536186b62f.png]
[quickoo.online/MeeLearn/product/e00da03b685a0dd18fb6a08af0923de0.html]
[cdn.shopify.com/s/files/1/0685/7673/9629/products/9FB012CE-CC68-44DD-8324-169F336A510C-scaledf778.jpg]
[quickoo.online/MeeLearn/product/1afa34a7f984eeabdbb0a7d494132ee5.html]
[cdn.shopify.com/s/files/1/0685/7673/9629/products/IMG_789594dd.jpg]
[quickoo.online/MeeLearn/product/e165421110ba03099a1c0393373c5b43.html]
[cdn.shopify.com/s/files/1/0866/3888/7218/products/SLP-9-14cb8.png]
[quickoo.online/MeeLearn/product/812b4ba287f5ee0bc9d43bbf5bbe87fb.html]
[cdn.shopify.com/s/files/1/0685/7673/9629/products/IMG_64716fb3.jpg]
[quickoo.online/MeeLearn/product/6c4b761a28b734fe93831e3fb400ce87.html]
[cdn.shopify.com/s/files/1/0864/0204/0081/products/photogrid.photocollagemaker.photoeditor.squarepic_202312201637154801ec.png]
[quickoo.online/MeeLearn/product/da4fb5c6e93e74d3df8527599fa62642.html]
[cdn.shopify.com/s/files/1/0685/7673/9629/products/IMG_7122-rotated7b07.jpg]
[cdn.shopify.com/s/files/1/0685/7673/9629/products/IMG_55849cf3.jpg]
[quickoo.online/MeeLearn/product/f899139df5e1059396431415e770c6dd.html]
[quickoo.online/MeeLearn/product/3988c7f88ebcb58c6ce932b957b6f332.html]
[cdn.shopify.com/s/files/1/0685/7673/9629/products/39F65E97-2AB3-47A2-98C2-CB3D5AA5B67A-scaled3c8d.jpg]
[quickoo.online/MeeLearn/product/84d9ee44e457ddef7f2c4f25dc8fa865.html]
[cdn.shopify.com/s/files/1/0864/0204/0081/products/photogrid.photocollagemaker.photoeditor.squarepic_2023122418321514809e1.png]
[quickoo.online/MeeLearn/product/0aa1883c6411f7873cb83dacb17b0afc.html]
[cdn.shopify.com/s/files/1/0864/0204/0081/products/photogrid.photocollagemaker.photoeditor.squarepic_202312241833133624b4e.png]
[quickoo.online/MeeLearn/product/2a79ea27c279e471f4d180b08d62b00a.html]
[cdn.shopify.com/s/files/1/0864/0204/0081/products/photogrid.photocollagemaker.photoeditor.squarepic_2023122016404983885c.png]
[quickoo.online/MeeLearn/product/2b44928ae11fb9384c4cf38708677c48.html]
[cdn.shopify.com/s/files/1/0685/7673/9629/products/IMG_6614f663.jpg]
[quickoo.online/MeeLearn/product/ec8956637a99787bd197eacd77acce5e.html]
[cdn.shopify.com/s/files/1/0685/7673/9629/products/DSC5828-scaledcaaf.jpg]
[cdn.shopify.com/s/files/1/0866/3888/7218/products/1-184f2d.png]
[quickoo.online/MeeLearn/product/289dff07669d7a23de0ef88d2f7129e7.html]
[quickoo.online/MeeLearn/product/6c9882bbac1c7093bd25041881277658.html]
[cdn.shopify.com/s/files/1/0866/3888/7218/products/SLP-10-1aad8.png]
[cdn.shopify.com/s/files/1/0866/3888/7218/products/Untitleddesign-1009543.png]
[quickoo.online/MeeLearn/product/63dc7ed1010d3c3b8269faf0ba7491d4.html]
[quickoo.online/MeeLearn/product/8d5e957f297893487bd98fa830fa6413.html]
[cdn.shopify.com/s/files/1/0864/0204/0081/products/photogrid.photocollagemaker.photoeditor.squarepic_2023122212551947ae6c.png]
[quickoo.online/MeeLearn/product/3644a684f98ea8fe223c713b77189a77.html]
[cdn.shopify.com/s/files/1/0864/0204/0081/products/photogrid.photocollagemaker.photoeditor.squarepic_202312231202207ee63.png]
[quickoo.online/MeeLearn/product/96da2f590cd7246bbde0051047b0d6f7.html]
[cdn.shopify.com/s/files/1/0864/0204/0081/products/photogrid.photocollagemaker.photoeditor.squarepic_20231016122357857edd.png]
[cdn.shopify.com/s/files/1/0866/3888/7218/products/SLP-21-1bc25.png]
[quickoo.online/MeeLearn/product/9b04d152845ec0a378394003c96da594.html]
[quickoo.online/MeeLearn/product/9188905e74c28e489b44e954ec0b9bca.html]
[cdn.shopify.com/s/files/1/0866/3888/7218/products/SLP-20-19c7b.png]
[quickoo.online/MeeLearn/product/1534b76d325a8f591b52d302e7181331.html]
[cdn.shopify.com/s/files/1/0866/3888/7218/products/Untitleddesign-3f822ef8-a2d7-4fc4-a7cb-ff7f83cd5f34-2b5ad.png]
[quickoo.online/MeeLearn/product/9dcb88e0137649590b755372b040afad.html]
[cdn.shopify.com/s/files/1/0864/0204/0081/products/photogrid.photocollagemaker.photoeditor.squarepic_2023122418105083b5c.png]
[quickoo.online/MeeLearn/product/fe131d7f5a6b38b23cc967316c13dae2.html]
[cdn.shopify.com/s/files/1/0866/3888/7218/products/PIC-76059.png]
[cdn.shopify.com/s/files/1/0685/7673/9629/products/IMG_1240654b.jpg]
[quickoo.online/MeeLearn/product/98dce83da57b0395e163467c9dae521b.html]
[cdn.shopify.com/s/files/1/0866/3888/7218/products/SLP-19-130cd.png]
[quickoo.online/MeeLearn/product/cb70ab375662576bd1ac5aaf16b3fca4.html]
[cdn.shopify.com/s/files/1/0864/0204/0081/products/photogrid.photocollagemaker.photoeditor.squarepic_202312241832274643fbd.png]
[quickoo.online/MeeLearn/product/85d8ce590ad8981ca2c8286f79f59954.html]
[cdn.shopify.com/s/files/1/0685/7673/9629/products/6D34DF05-C8A5-4FD8-9B16-834904C44F30-scaled6e99.jpg]
[quickoo.online/MeeLearn/product/069059b7ef840f0c74a814ec9237b6ec.html]
[quickoo.online/MeeLearn/product/555d6702c950ecb729a966504af0a635.html]
[cdn.shopify.com/s/files/1/0866/3888/7218/products/SLP-13-14a65.png]
[cdn.shopify.com/s/files/1/0866/3888/7218/products/Untitleddesign-1-776abafc-eff3-4ed4-97ce-e9dd2a9b0a77-592f6.png]
[quickoo.online/MeeLearn/product/69adc1e107f7f7d035d7baf04342e1ca.html]
[quickoo.online/MeeLearn/product/74db120f0a8e5646ef5a30154e9f6deb.html]
[cdn.shopify.com/s/files/1/0866/3888/7218/products/SLP-1-1_1beb1.png]
[quickoo.online/MeeLearn/product/a597e50502f5ff68e3e25b9114205d4a.html]
[cdn.shopify.com/s/files/1/0864/0204/0081/products/photogrid.photocollagemaker.photoeditor.squarepic_20231223122476587b8.png]
[cdn.shopify.com/s/files/1/0685/7673/9629/products/IMG_9689f7c5.jpg]
[quickoo.online/MeeLearn/product/2723d092b63885e0d7c260cc007e8b9d.html]
[quickoo.online/MeeLearn/product/be83ab3ecd0db773eb2dc1b0a17836a1.html]
[cdn.shopify.com/s/files/1/0866/3888/7218/products/SLP-8-130cd.png]
[quickoo.online/MeeLearn/product/9872ed9fc22fc182d371c3e9ed316094.html]
[cdn.shopify.com/s/files/1/0864/0204/0081/products/photogrid.photocollagemaker.photoeditor.squarepic_202312241825154f2b4.png]
[quickoo.online/MeeLearn/product/0e65972dce68dad4d52d063967f0a705.html]
[cdn.shopify.com/s/files/1/0864/0204/0081/products/photogrid.photocollagemaker.photoeditor.squarepic_2023122312155669cfc.png]
[quickoo.online/MeeLearn/product/f7e6c85504ce6e82442c770f7c8606f0.html]
[cdn.shopify.com/s/files/1/0864/0204/0081/products/photogrid.photocollagemaker.photoeditor.squarepic_2023122015416827f132.png]
[quickoo.online/MeeLearn/product/c52f1bd66cc19d05628bd8bf27af3ad6.html]
[cdn.shopify.com/s/files/1/0866/3888/7218/products/PIC-94060.png]
[quickoo.online/MeeLearn/product/1ff8a7b5dc7a7d1f0ed65aaa29c04b1e.html]
[cdn.shopify.com/s/files/1/0864/0204/0081/products/photogrid.photocollagemaker.photoeditor.squarepic_202312241836304849674.png]
[quickoo.online/MeeLearn/product/31fefc0e570cb3860f2a6d4b38c6490d.html]
[cdn.shopify.com/s/files/1/0864/0204/0081/products/photogrid.photocollagemaker.photoeditor.squarepic_20231224183337824151d.png]
[quickoo.online/MeeLearn/product/c0e190d8267e36708f955d7ab048990d.html]
[cdn.shopify.com/s/files/1/0866/3888/7218/products/Untitleddesign-98f12e.png]
[quickoo.online/MeeLearn/product/698d51a19d8a121ce581499d7b701668.html]
[cdn.shopify.com/s/files/1/0685/7673/9629/products/DSC2669-scaled5b24.jpg]
[quickoo.online/MeeLearn/product/bcbe3365e6ac95ea2c0343a2395834dd.html]
[cdn.shopify.com/s/files/1/0866/3888/7218/products/Untitleddesign-954be0.png]
[quickoo.online/MeeLearn/product/1d7f7abc18fcb43975065399b0d1e48e.html]
[cdn.shopify.com/s/files/1/0864/0204/0081/products/photogrid.photocollagemaker.photoeditor.squarepic_202312211651136889ec.png]
[quickoo.online/MeeLearn/product/4c56ff4ce4aaf9573aa5dff913df997a.html]
[cdn.shopify.com/s/files/1/0685/7673/9629/products/IMG_92947b07.jpg]
[quickoo.online/MeeLearn/product/9b8619251a19057cff70779273e95aa6.html]
[cdn.shopify.com/s/files/1/0685/7673/9629/products/DSC6126-scaledb9ec.jpg]
[cdn.shopify.com/s/files/1/0685/7673/9629/products/IMG_75359490.jpg]
[quickoo.online/MeeLearn/product/d1f491a404d6854880943e5c3cd9ca25.html]
[quickoo.online/MeeLearn/product/13fe9d84310e77f13a6d184dbf1232f3.html]
[cdn.shopify.com/s/files/1/0866/3888/7218/products/Untitleddesign-931240.png]
[quickoo.online/MeeLearn/product/335f5352088d7d9bf74191e006d8e24c.html]
[cdn.shopify.com/s/files/1/0866/3888/7218/products/SLP-15-13dac.png]
[cdn.shopify.com/s/files/1/0864/0204/0081/products/photogrid.photocollagemaker.photoeditor.squarepic_2023122116520776c31f.png]
[quickoo.online/MeeLearn/product/37a749d808e46495a8da1e5352d03cae.html]
[quickoo.online/MeeLearn/product/65b9eea6e1cc6bb9f0cd2a47751a186f.html]
[cdn.shopify.com/s/files/1/0685/7673/9629/products/DSC8780-scaledb245.jpg]
[quickoo.online/MeeLearn/product/5fd0b37cd7dbbb00f97ba6ce92bf5add.html]
[cdn.shopify.com/s/files/1/0685/7673/9629/products/IMG_67214521.jpg]
[quickoo.online/MeeLearn/product/ec5decca5ed3d6b8079e2e7e7bacc9f2.html]
[cdn.shopify.com/s/files/1/0685/7673/9629/products/DSC0184-scaleda401.jpg]
[quickoo.online/MeeLearn/product/8f85517967795eeef66c225f7883bdcb.html]
[cdn.shopify.com/s/files/1/0864/0204/0081/products/photogrid.photocollagemaker.photoeditor.squarepic_2023122418353578049f7.png]
[quickoo.online/MeeLearn/product/f2217062e9a397a1dca429e7d70bc6ca.html]
[cdn.shopify.com/s/files/1/0864/0204/0081/products/photogrid.photocollagemaker.photoeditor.squarepic_2023122212108852540f.png]
[quickoo.online/MeeLearn/product/ec8ce6abb3e952a85b8551ba726a1227.html]
[cdn.shopify.com/s/files/1/0866/3888/7218/products/Untitleddesign-97d14a.png]
[quickoo.online/MeeLearn/product/084b6fbb10729ed4da8c3d3f5a3ae7c9.html]
[cdn.shopify.com/s/files/1/0864/0204/0081/products/photogrid.photocollagemaker.photoeditor.squarepic_202312231219804e647.png]
[quickoo.online/MeeLearn/product/a8f15eda80c50adb0e71943adc8015cf.html]
[cdn.shopify.com/s/files/1/0864/0204/0081/products/photogrid.photocollagemaker.photoeditor.squarepic_2023122116535530827a.png]
[quickoo.online/MeeLearn/product/9fc3d7152ba9336a670e36d0ed79bc43.html]
[cdn.shopify.com/s/files/1/0685/7673/9629/products/406-rotated6661.jpg]
[quickoo.online/MeeLearn/product/ca46c1b9512a7a8315fa3c5a946e8265.html]
[cdn.shopify.com/s/files/1/0866/3888/7218/products/Untitleddesign-2023-10-02T110801-86680da.png]
[quickoo.online/MeeLearn/product/060ad92489947d410d897474079c1477.html]
[cdn.shopify.com/s/files/1/0866/3888/7218/products/Untitleddesign-962674.png]
[quickoo.online/MeeLearn/product/0777d5c17d4066b82ab86dff8a46af6f.html]
[cdn.shopify.com/s/files/1/0864/0204/0081/products/photogrid.photocollagemaker.photoeditor.squarepic_2023122418382718395af.png]
[quickoo.online/MeeLearn/product/a2557a7b2e94197ff767970b67041697.html]
[cdn.shopify.com/s/files/1/0864/0204/0081/products/photogrid.photocollagemaker.photoeditor.squarepic_20231224183325526b7fa.png]
[quickoo.online/MeeLearn/product/621bf66ddb7c962aa0d22ac97d69b793.html]
[cdn.shopify.com/s/files/1/0866/3888/7218/products/1-165c18.png]
[quickoo.online/MeeLearn/product/01161aaa0b6d1345dd8fe4e481144d84.html]
[cdn.shopify.com/s/files/1/0866/3888/7218/products/SLP-11-3e722.png]
[quickoo.online/MeeLearn/product/c9e1074f5b3f9fc8ea15d152add07294.html]
[cdn.shopify.com/s/files/1/0685/7673/9629/products/IMG_8571-scaledd114.jpg]
[quickoo.online/MeeLearn/product/e2c0be24560d78c5e599c2a9c9d0bbd2.html]
[cdn.shopify.com/s/files/1/0866/3888/7218/products/Untitleddesign-4ad8c952-3651-4310-bd7d-12fc3366347d-4a9aa.png]
[quickoo.online/MeeLearn/product/f718499c1c8cef6730f9fd03c8125cab.html]
[cdn.shopify.com/s/files/1/0866/3888/7218/products/PIC-6-10a85334-c2fe-434d-990e-6a785e796e30d195.png]
[quickoo.online/MeeLearn/product/42a0e188f5033bc65bf8d78622277c4e.html]
[cdn.shopify.com/s/files/1/0685/7673/9629/products/DSC6861-scaled3c8d.jpg]
[quickoo.online/MeeLearn/product/57aeee35c98205091e18d1140e9f38cf.html]
[cdn.shopify.com/s/files/1/0866/3888/7218/products/SLP-2-1221b.png]
[quickoo.online/MeeLearn/product/8613985ec49eb8f757ae6439e879bb2a.html]
[cdn.shopify.com/s/files/1/0685/7673/9629/products/DSC5757-scaledf02d.jpg]
[quickoo.online/MeeLearn/product/0f28b5d49b3020afeecd95b4009adf4c.html]
[cdn.shopify.com/s/files/1/0685/7673/9629/products/DSC3200-scaled3a8e.jpg]
[quickoo.online/MeeLearn/product/6f3ef77ac0e3619e98159e9b6febf557.html]
[cdn.shopify.com/s/files/1/0866/3888/7218/products/Untitleddesign-b0386b5b-55be-468e-8674-5a1505120321-42160.png]
[quickoo.online/MeeLearn/product/2b24d495052a8ce66358eb576b8912c8.html]
[cdn.shopify.com/s/files/1/0864/0204/0081/products/photogrid.photocollagemaker.photoeditor.squarepic_2023122212642890eca5.png]
[quickoo.online/MeeLearn/product/502e4a16930e414107ee22b6198c578f.html]
[cdn.shopify.com/s/files/1/0866/3888/7218/products/PIC-4-41d4caa4-89e5-4296-9b64-9d55c0c0472b82bf.png]
[quickoo.online/MeeLearn/product/ed3d2c21991e3bef5e069713af9fa6ca.html]
[cdn.shopify.com/s/files/1/0685/7673/9629/products/DSC1666-scaledddf1.jpg]
[quickoo.online/MeeLearn/product/149e9677a5989fd342ae44213df68868.html]
[cdn.shopify.com/s/files/1/0864/0204/0081/products/photogrid.photocollagemaker.photoeditor.squarepic_202312241836511783923.png]
[quickoo.online/MeeLearn/product/7f1de29e6da19d22b51c68001e7e0e54.html]
[cdn.shopify.com/s/files/1/0685/7673/9629/products/IMG_9820-scaledc3aa.jpg]
[quickoo.online/MeeLearn/product/202cb962ac59075b964b07152d234b70.html]
[cdn.shopify.com/s/files/1/0685/7673/9629/products/DSC7705-scaledc22d.jpg]
[quickoo.online/MeeLearn/product/07e1cd7dca89a1678042477183b7ac3f.html]
[cdn.shopify.com/s/files/1/0685/7673/9629/products/IMG_8044b03b.jpg]
[quickoo.online/MeeLearn/product/82aa4b0af34c2313a562076992e50aa3.html]
[cdn.shopify.com/s/files/1/0864/0204/0081/products/photogrid.photocollagemaker.photoeditor.squarepic_2023122015483381bf34.png]
[quickoo.online/MeeLearn/product/38db3aed920cf82ab059bfccbd02be6a.html]
[cdn.shopify.com/s/files/1/0866/3888/7218/products/1-15f8e3.png]
[quickoo.online/MeeLearn/product/b1d10e7bafa4421218a51b1e1f1b0ba2.html]
[cdn.shopify.com/s/files/1/0866/3888/7218/products/Untitleddesign-b6a97a90-f8e8-421f-b3f7-beb030fc1e43-526cf.png]
[quickoo.online/MeeLearn/product/f340f1b1f65b6df5b5e3f94d95b11daf.html]
[cdn.shopify.com/s/files/1/0866/3888/7218/products/SLP-16-1fe0e.png]
[quickoo.online/MeeLearn/product/091d584fced301b442654dd8c23b3fc9.html]
[cdn.shopify.com/s/files/1/0866/3888/7218/products/Untitleddesign-145c77a8-c6d9-4844-9e90-55f741d423e7ac8c.png]
[quickoo.online/MeeLearn/product/9cfdf10e8fc047a44b08ed031e1f0ed1.html]
[cdn.shopify.com/s/files/1/0866/3888/7218/products/SLP-6-1e822.png]
[quickoo.online/MeeLearn/product/7e7757b1e12abcb736ab9a754ffb617a.html]
[cdn.shopify.com/s/files/1/0864/0204/0081/products/photogrid.photocollagemaker.photoeditor.squarepic_2023122015474199959d.png]
[quickoo.online/MeeLearn/product/854d6fae5ee42911677c739ee1734486.html]
[cdn.shopify.com/s/files/1/0866/3888/7218/products/Untitleddesign-d650a912-bb68-49db-85fe-44b34bda89f3de5a.jpg]
[quickoo.online/MeeLearn/product/140f6969d5213fd0ece03148e62e461e.html]
[cdn.shopify.com/s/files/1/0864/0204/0081/products/photogrid.photocollagemaker.photoeditor.squarepic_2023122418392635732a8.png]
[quickoo.online/MeeLearn/product/bd4c9ab730f5513206b999ec0d90d1fb.html]
[cdn.shopify.com/s/files/1/0864/0204/0081/products/photogrid.photocollagemaker.photoeditor.squarepic_2023122418383878238cd.png]
[quickoo.online/MeeLearn/product/b73ce398c39f506af761d2277d853a92.html]
[cdn.shopify.com/s/files/1/0864/0204/0081/products/photogrid.photocollagemaker.photoeditor.squarepic_2023122016355557c9f2.png]
[quickoo.online/MeeLearn/product/c8ffe9a587b126f152ed3d89a146b445.html]
[cdn.shopify.com/s/files/1/0685/7673/9629/products/DSC6599-scaledc22d.jpg]
[quickoo.online/MeeLearn/product/92cc227532d17e56e07902b254dfad10.html]
[cdn.shopify.com/s/files/1/0685/7673/9629/products/DSC9973-scaled7bf0.jpg]
[quickoo.online/MeeLearn/assets/website/images/new-offer.png]
[quickoo.online/MeeLearn/cart.html]
[quickoo.online/MeeLearn/assets/website/js/bootstrap.min.js]
[cdnjs.cloudflare.com/ajax/libs/jquery.lazyload/1.9.1/jquery.lazyload.min.js]
[quickoo.online/MeeLearn/assets/images/theme/search.svg]
[quickoo.online/MeeLearn/index.html]
[quickoo.online/MeeLearn/assets/website/css/bootstrap.min.css]
[quickoo.online/MeeLearn/assets/fonts/Mier_B02-Bold.otf]
[quickoo.online/MeeLearn/assets/fonts/Mier_B02-Bold.woff2]
[quickoo.online/MeeLearn/assets/fonts/Mier_B02-Bold.woff]
[quickoo.online/MeeLearn/assets/fonts/Mier_B02-Book.otf]
[quickoo.online/MeeLearn/assets/fonts/Mier_B02-Book.woff2]
[quickoo.online/MeeLearn/assets/fonts/Mier_B02-Demi.otf]
[quickoo.online/MeeLearn/assets/fonts/Mier_B02-Demi.woff2]
[quickoo.online/MeeLearn/assets/fonts/Mier_B02-Demi.woff]
[www.boat-lifestyle.com/cdn/shop/files/arrow665b.png]
[quickoo.online/MeeLearn/assets/website/css/custom.css]
[cdnjs.cloudflare.com/ajax/libs/font-awesome/6.5.1/css/all.min.css]
[quickoo.online/MeeLearn/assets/website/js/jquery.min.js]
[quickoo.online/MeeLearn/a]
[quickoo.online/MeeLearn/POST]
[quickoo.online/MeeLearn/b.resolvedLink]
[quickoo.online/signals/iwl.js]
[connect.facebook.net/en_US/fbevents.js]
[quickoo.online/MeeLearn/category/kurtis.html]
[quickoo.online/MeeLearn/category/2-kurtis-combo.html]
[quickoo.online/MeeLearn/category/3-kurtis-combo.html]
[quickoo.online/MeeLearn/schema.org/index.html]
[cdn.shopify.com/s/files/1/0866/3888/7218/products/PIC-11ad07.png]
[cdn.shopify.com/s/files/1/0625/1797/files/Handmade_pico075d.png]
[quickoo.online/MeeLearn/product/c24cd76e1ce41366a4bbe8a49b02a028.html]
[cdn.shopify.com/s/files/1/0685/7673/9629/products/IMG_4332-scaled3bfb.jpg]
[cdn.shopify.com/s/files/1/0685/7673/9629/products/IMG_4323-scaled3bfb.jpg]
[cdn.shopify.com/s/files/1/0685/7673/9629/products/IMG_4321-scaled3bfb.jpg]
[cdn.shopify.com/s/files/1/0685/7673/9629/products/IMG_4326-scaledb562.jpg]
[quickoo.online/MeeLearn/product/013d407166ec4fa56eb1e1f8cbe183b9.html]
[cdn.shopify.com/s/files/1/0864/0204/0081/products/photogrid.photocollagemaker.photoeditor.squarepic_2023122212814515225a.png]
[quickoo.online/MeeLearn/product/a8baa56554f96369ab93e4f3bb068c22.html]
[cdn.shopify.com/s/files/1/0685/7673/9629/products/IMG_64766575.jpg]
[cdn.shopify.com/s/files/1/0685/7673/9629/products/IMG_64776575.jpg]
[cdn.shopify.com/s/files/1/0685/7673/9629/products/IMG_64786575.jpg]
[cdn.shopify.com/s/files/1/0685/7673/9629/products/IMG_64756575.jpg]
[cdn.shopify.com/s/files/1/0685/7673/9629/products/IMG_648078d1.jpg]
[quickoo.online/MeeLearn/product/76dc611d6ebaafc66cc0879c71b5db5c.html]
[cdn.shopify.com/s/files/1/0864/0204/0081/products/photogrid.photocollagemaker.photoeditor.squarepic_2023122212738854bd26.png]
[quickoo.online/MeeLearn/product/0a09c8844ba8f0936c20bd791130d6b6.html]
[cdn.shopify.com/s/files/1/0685/7673/9629/products/IMG_8396_af09e766-d256-489e-9211-cdc629097686aa17.jpg]
[cdn.shopify.com/s/files/1/0685/7673/9629/products/IMG_8397_1183962b-cb7e-4763-8ab5-13503d025f94aa17.jpg]
[cdn.shopify.com/s/files/1/0685/7673/9629/products/IMG_8398_ee3f823e-2bba-438a-8ff2-534a237f0ceeaa17.jpg]
[cdn.shopify.com/s/files/1/0685/7673/9629/products/IMG_8395_86a1264c-46ac-4a3d-b74f-9f26fea34433aa17.jpg]
[cdn.shopify.com/s/files/1/0685/7673/9629/products/IMG_8394_e019c33b-dbc5-412e-baee-10d4c3d05486091f.jpg]
[quickoo.online/MeeLearn/product/a3c65c2974270fd093ee8a9bf8ae7d0b.html]
[cdn.shopify.com/s/files/1/0685/7673/9629/products/F08A753D-7025-4AF3-A130-8372371209E0-scaled33ef.jpg]
[cdn.shopify.com/s/files/1/0685/7673/9629/products/948FB2A8-C4F9-46CB-BF13-974BA0A2BB96-scaled33ef.jpg]
[cdn.shopify.com/s/files/1/0685/7673/9629/products/5FA5D8BB-3634-48E0-BC97-5154545E7BAF-scaled33ef.jpg]
[cdn.shopify.com/s/files/1/0685/7673/9629/products/FDA402A8-2EAB-460F-8E0D-B8EBE6C903BC-scaleda11a.jpg]
[quickoo.online/MeeLearn/product/ac627ab1ccbdb62ec96e702f07f6425b.html]
[cdn.shopify.com/s/files/1/0866/3888/7218/products/Untitleddesign-4c544bfb-ed2b-4af9-97a6-02ce5b4ec990-124be.png]
[quickoo.online/MeeLearn/product/7eabe3a1649ffa2b3ff8c02ebfd5659f.html]
[cdn.shopify.com/s/files/1/0685/7673/9629/products/DSC7036-scaled073a.jpg]
[cdn.shopify.com/s/files/1/0685/7673/9629/products/DSC7043-scaled073a.jpg]
[cdn.shopify.com/s/files/1/0685/7673/9629/products/DSC7053-scaled073a.jpg]
[cdn.shopify.com/s/files/1/0685/7673/9629/products/DSC7026-scaled2905.jpg]
[quickoo.online/MeeLearn/product/f4b9ec30ad9f68f89b29639786cb62ef.html]
[cdn.shopify.com/s/files/1/0685/7673/9629/products/DSC4593-scaled4ccb.jpg]
[cdn.shopify.com/s/files/1/0685/7673/9629/products/DSC4604-scaled4ccb.jpg]
[cdn.shopify.com/s/files/1/0685/7673/9629/products/DSC4614-scaled4ccb.jpg]
[cdn.shopify.com/s/files/1/0685/7673/9629/products/DSC4620-scaled4ccb.jpg]
[cdn.shopify.com/s/files/1/0685/7673/9629/products/DSC4578-scaled60ed.jpg]
[quickoo.online/MeeLearn/product/5ef059938ba799aaa845e1c2e8a762bd.html]
[cdn.shopify.com/s/files/1/0866/3888/7218/products/PIC-3-8d824d80-5fd7-427b-b3bc-48a8e9f7135fdde8.png]
[quickoo.online/MeeLearn/product/cfa0860e83a4c3a763a7e62d825349f7.html]
[cdn.shopify.com/s/files/1/0866/3888/7218/products/PIC-24da0.png]
[quickoo.online/MeeLearn/product/03c6b06952c750899bb03d998e631860.html]
[cdn.shopify.com/s/files/1/0685/7673/9629/products/IMG_9611-scaled4521.jpg]
[cdn.shopify.com/s/files/1/0685/7673/9629/products/IMG_9612-scaled4521.jpg]
[cdn.shopify.com/s/files/1/0685/7673/9629/products/IMG_9613-scaled4521.jpg]
[cdn.shopify.com/s/files/1/0685/7673/9629/products/IMG_9608-scaled4521.jpg]
[cdn.shopify.com/s/files/1/0685/7673/9629/products/IMG_9615-scaled01f8.jpg]
[quickoo.online/MeeLearn/product/73278a4a86960eeb576a8fd4c9ec6997.html]
[cdn.shopify.com/s/files/1/0866/3888/7218/products/SLP-1-1b0bc.png]
[quickoo.online/MeeLearn/product/705f2172834666788607efbfca35afb3.html]
[cdn.shopify.com/s/files/1/0685/7673/9629/products/IMG_92876e99.jpg]
[cdn.shopify.com/s/files/1/0685/7673/9629/products/IMG_92836e99.jpg]
[cdn.shopify.com/s/files/1/0685/7673/9629/products/IMG_92846e99.jpg]
[cdn.shopify.com/s/files/1/0685/7673/9629/products/IMG_92856e99.jpg]
[cdn.shopify.com/s/files/1/0685/7673/9629/products/IMG_92860cb5.jpg]
[quickoo.online/MeeLearn/product/3def184ad8f4755ff269862ea77393dd.html]
[cdn.shopify.com/s/files/1/0685/7673/9629/products/DSC3178-scaled626c.jpg]
[cdn.shopify.com/s/files/1/0685/7673/9629/products/DSC3185-scaled626c.jpg]
[cdn.shopify.com/s/files/1/0685/7673/9629/products/DSC3187-scaled626c.jpg]
[cdn.shopify.com/s/files/1/0685/7673/9629/products/DSC3173-scaleddb00.jpg]
[quickoo.online/MeeLearn/product/54229abfcfa5649e7003b83dd4755294.html]
[quickoo.online/MeeLearn/product/ac1dd209cbcc5e5d1c6e28598e8cbbe8]
[cdn.shopify.com/s/files/1/0866/3888/7218/products/Untitleddesign-2023-10-02T110549-66381a9.png]
[quickoo.online/MeeLearn/product/3b8a614226a953a8cd9526fca6fe9ba5.html]
[cdn.shopify.com/s/files/1/0685/7673/9629/products/IMG_718336a6.jpg]
[cdn.shopify.com/s/files/1/0685/7673/9629/products/IMG_718436a6.jpg]
[cdn.shopify.com/s/files/1/0685/7673/9629/products/IMG_718536a6.jpg]
[cdn.shopify.com/s/files/1/0685/7673/9629/products/IMG_718836a6.jpg]
[cdn.shopify.com/s/files/1/0685/7673/9629/products/IMG_7186f56f.jpg]
[quickoo.online/MeeLearn/product/5f93f983524def3dca464469d2cf9f3e.html]
[cdn.shopify.com/s/files/1/0864/0204/0081/products/photogrid.photocollagemaker.photoeditor.squarepic_20231016122306923b82.png]
[quickoo.online/MeeLearn/product/8f53295a73878494e9bc8dd6c3c7104f.html]
[cdn.shopify.com/s/files/1/0864/0204/0081/products/photogrid.photocollagemaker.photoeditor.squarepic_20231224183233664f066.png]
[quickoo.online/MeeLearn/product/0336dcbab05b9d5ad24f4333c7658a0e.html]
[cdn.shopify.com/s/files/1/0864/0204/0081/products/photogrid.photocollagemaker.photoeditor.squarepic_202312241834393963eaf.png]
[quickoo.online/MeeLearn/product/4c5bde74a8f110656874902f07378009.html]
[cdn.shopify.com/s/files/1/0866/3888/7218/products/1-132868.png]
[quickoo.online/MeeLearn/product/0266e33d3f546cb5436a10798e657d97.html]
[cdn.shopify.com/s/files/1/0866/3888/7218/products/1-19a363.png]
[quickoo.online/MeeLearn/product/19f3cd308f1455b3fa09a282e0d496f4.html]
[cdn.shopify.com/s/files/1/0685/7673/9629/products/IMG_6865b275.jpg]
[cdn.shopify.com/s/files/1/0685/7673/9629/products/IMG_6866b275.jpg]
[cdn.shopify.com/s/files/1/0685/7673/9629/products/IMG_6867b275.jpg]
[cdn.shopify.com/s/files/1/0685/7673/9629/products/IMG_6869b275.jpg]
[cdn.shopify.com/s/files/1/0685/7673/9629/products/IMG_6868b900.jpg]
[quickoo.online/MeeLearn/product/a97da629b098b75c294dffdc3e463904.html]
[cdn.shopify.com/s/files/1/0685/7673/9629/products/DSC2456-scaled7ec5.jpg]
[cdn.shopify.com/s/files/1/0685/7673/9629/products/DSC2461-scaled7ec5.jpg]
[cdn.shopify.com/s/files/1/0685/7673/9629/products/DSC2464-scaled7ec5.jpg]
[cdn.shopify.com/s/files/1/0685/7673/9629/products/DSC2467-scaled_cbce0147-c28d-4e2c-986d-560b75d31de87ec5.jpg]
[cdn.shopify.com/s/files/1/0685/7673/9629/products/DSC2454-scaled820c.jpg]
[quickoo.online/MeeLearn/product/e2ef524fbf3d9fe611d5a8e90fefdc9c.html]
[cdn.shopify.com/s/files/1/0866/3888/7218/products/Untitleddesign-2023-10-02T110016-5911aa1.png]
[quickoo.online/MeeLearn/product/45fbc6d3e05ebd93369ce542e8f2322d.html]
[cdn.shopify.com/s/files/1/0866/3888/7218/products/Untitleddesign-947b4e.png]
[quickoo.online/MeeLearn/product/115f89503138416a242f40fb7d7f338e.html]
[cdn.shopify.com/s/files/1/0864/0204/0081/products/photogrid.photocollagemaker.photoeditor.squarepic_202312241838105314d81.png]
[quickoo.online/MeeLearn/product/9766527f2b5d3e95d4a733fcfb77bd7e.html]
[cdn.shopify.com/s/files/1/0864/0204/0081/products/photogrid.photocollagemaker.photoeditor.squarepic_202312241833474473072.png]
[quickoo.online/MeeLearn/product/eecca5b6365d9607ee5a9d336962c534.html]
[cdn.shopify.com/s/files/1/0866/3888/7218/products/1-17abeb.png]
[quickoo.online/MeeLearn/product/077e29b11be80ab57e1a2ecabb7da330.html]
[cdn.shopify.com/s/files/1/0866/3888/7218/products/Untitleddesign-a4333a38-5029-4ba6-9fbd-20c0a0fea06d-5a671.png]
[quickoo.online/MeeLearn/product/eae27d77ca20db309e056e3d2dcd7d69.html]
[cdn.shopify.com/s/files/1/0685/7673/9629/products/DSC2653-scaled19d9.jpg]
[cdn.shopify.com/s/files/1/0685/7673/9629/products/DSC2657-scaled19d9.jpg]
[cdn.shopify.com/s/files/1/0685/7673/9629/products/DSC2659-scaled19d9.jpg]
[cdn.shopify.com/s/files/1/0685/7673/9629/products/DSC2660-scaled19d9.jpg]
[cdn.shopify.com/s/files/1/0685/7673/9629/products/DSC2646-scaled5bd4.jpg]
[quickoo.online/MeeLearn/product/a0a080f42e6f13b3a2df133f073095dd.html]
[cdn.shopify.com/s/files/1/0866/3888/7218/products/SLP-5-162c2.png]
[quickoo.online/MeeLearn/product/d1c38a09acc34845c6be3a127a5aacaf.html]
[cdn.shopify.com/s/files/1/0685/7673/9629/products/IMG_69466870.jpg]
[cdn.shopify.com/s/files/1/0685/7673/9629/products/IMG_69476870.jpg]
[cdn.shopify.com/s/files/1/0685/7673/9629/products/IMG_69506870.jpg]
[cdn.shopify.com/s/files/1/0685/7673/9629/products/IMG_69516870.jpg]
[cdn.shopify.com/s/files/1/0685/7673/9629/products/IMG_6949f805.jpg]
[quickoo.online/MeeLearn/product/7f6ffaa6bb0b408017b62254211691b5.html]
[cdn.shopify.com/s/files/1/0685/7673/9629/products/IMG_73261a9b.jpg]
[cdn.shopify.com/s/files/1/0685/7673/9629/products/IMG_73271a9b.jpg]
[cdn.shopify.com/s/files/1/0685/7673/9629/products/IMG_73291a9b.jpg]
[cdn.shopify.com/s/files/1/0685/7673/9629/products/IMG_73251a9b.jpg]
[cdn.shopify.com/s/files/1/0685/7673/9629/products/IMG_7328d648.jpg]
[quickoo.online/MeeLearn/product/65ded5353c5ee48d0b7d48c591b8f430.html]
[cdn.shopify.com/s/files/1/0685/7673/9629/products/DSC2181-scaled9484.jpg]
[cdn.shopify.com/s/files/1/0685/7673/9629/products/DSC2227-scaled9484.jpg]
[cdn.shopify.com/s/files/1/0685/7673/9629/products/DSC2230-scaled_b7d0af67-71bc-41ae-99e7-f1895fbea1c19484.jpg]
[cdn.shopify.com/s/files/1/0685/7673/9629/products/DSC2190-scaled8b4d.jpg]
[quickoo.online/MeeLearn/product/02522a2b2726fb0a03bb19f2d8d9524d.html]
[cdn.shopify.com/s/files/1/0864/0204/0081/products/photogrid.photocollagemaker.photoeditor.squarepic_202312241837242126d2d.png]
[quickoo.online/MeeLearn/product/5878a7ab84fb43402106c575658472fa.html]
[cdn.shopify.com/s/files/1/0866/3888/7218/products/Untitleddesign-99c38b.png]
[quickoo.online/MeeLearn/product/e96ed478dab8595a7dbda4cbcbee168f.html]
[cdn.shopify.com/s/files/1/0685/7673/9629/products/IMG_5949227d.jpg]
[cdn.shopify.com/s/files/1/0685/7673/9629/products/IMG_5951227d.jpg]
[cdn.shopify.com/s/files/1/0685/7673/9629/products/IMG_5952227d.jpg]
[cdn.shopify.com/s/files/1/0685/7673/9629/products/IMG_5953227d.jpg]
[cdn.shopify.com/s/files/1/0685/7673/9629/products/IMG_595082b8.jpg]
[quickoo.online/MeeLearn/product/f0935e4cd5920aa6c7c996a5ee53a70f.html]
[cdn.shopify.com/s/files/1/0864/0204/0081/products/photogrid.photocollagemaker.photoeditor.squarepic_2023122016363329a3ef.png]
[quickoo.online/MeeLearn/product/06409663226af2f3114485aa4e0a23b4.html]
[cdn.shopify.com/s/files/1/0864/0204/0081/products/photogrid.photocollagemaker.photoeditor.squarepic_2023122015433812594c.png]
[quickoo.online/MeeLearn/product/a4a042cf4fd6bfb47701cbc8a1653ada.html]
[cdn.shopify.com/s/files/1/0864/0204/0081/products/photogrid.photocollagemaker.photoeditor.squarepic_20231224183559536383b.png]
[quickoo.online/MeeLearn/product/bf8229696f7a3bb4700cfddef19fa23f.html]
[cdn.shopify.com/s/files/1/0866/3888/7218/products/SLP-25-1e13f.png]
[quickoo.online/MeeLearn/product/577ef1154f3240ad5b9b413aa7346a1e.html]
[cdn.shopify.com/s/files/1/0866/3888/7218/products/Untitleddesign-27210768-598c-45ec-bab3-33fc5a06a3ef-31958.png]
[quickoo.online/MeeLearn/product/979d472a84804b9f647bc185a877a8b5.html]
[cdn.shopify.com/s/files/1/0866/3888/7218/products/SLP-12-178f1.png]
[quickoo.online/MeeLearn/product/539fd53b59e3bb12d203f45a912eeaf2.html]
[cdn.shopify.com/s/files/1/0685/7673/9629/products/DSC6436-scaled7ec5.jpg]
[cdn.shopify.com/s/files/1/0685/7673/9629/products/DSC6448-scaled7ec5.jpg]
[cdn.shopify.com/s/files/1/0685/7673/9629/products/DSC6471-scaled7ec5.jpg]
[cdn.shopify.com/s/files/1/0685/7673/9629/products/DSC6475-scaled7ec5.jpg]
[cdn.shopify.com/s/files/1/0685/7673/9629/products/DSC6379-scaled59c0.jpg]
[quickoo.online/MeeLearn/product/26657d5ff9020d2abefe558796b99584.html]
[cdn.shopify.com/s/files/1/0864/0204/0081/products/photogrid.photocollagemaker.photoeditor.squarepic_202312241831524822eb0.png]
[quickoo.online/MeeLearn/product/757b505cfd34c64c85ca5b5690ee5293.html]
[cdn.shopify.com/s/files/1/0864/0204/0081/products/photogrid.photocollagemaker.photoeditor.squarepic_20231220154742560654.png]
[quickoo.online/MeeLearn/product/fa7cdfad1a5aaf8370ebeda47a1ff1c3.html]
[cdn.shopify.com/s/files/1/0866/3888/7218/products/1-14-1cea6.png]
[quickoo.online/MeeLearn/product/3cec07e9ba5f5bb252d13f5f431e4bbb.html]
[cdn.shopify.com/s/files/1/0864/0204/0081/products/photogrid.photocollagemaker.photoeditor.squarepic_202312241832501597ff4.png]
[quickoo.online/MeeLearn/product/bd686fd640be98efaae0091fa301e613.html]
[cdn.shopify.com/s/files/1/0866/3888/7218/products/Untitleddesign-456f48bc-502e-4bb1-8f70-554789650644-43153.png]
[quickoo.online/MeeLearn/product/274ad4786c3abca69fa097b85867d9a4.html]
[cdn.shopify.com/s/files/1/0864/0204/0081/products/photogrid.photocollagemaker.photoeditor.squarepic_20231224183450482ea8b.png]
[quickoo.online/MeeLearn/product/045117b0e0a11a242b9765e79cbf113f.html]
[cdn.shopify.com/s/files/1/0864/0204/0081/products/photogrid.photocollagemaker.photoeditor.squarepic_202310161213640235f4.png]
[quickoo.online/MeeLearn/product/cedebb6e872f539bef8c3f919874e9d7.html]
[cdn.shopify.com/s/files/1/0864/0204/0081/products/photogrid.photocollagemaker.photoeditor.squarepic_2023122312316899cba.png]
[quickoo.online/MeeLearn/product/58a2fc6ed39fd083f55d4182bf88826d.html]
[cdn.shopify.com/s/files/1/0864/0204/0081/products/photogrid.photocollagemaker.photoeditor.squarepic_20231224183546786e8db.png]
[quickoo.online/MeeLearn/product/38af86134b65d0f10fe33d30dd76442e.html]
[cdn.shopify.com/s/files/1/0864/0204/0081/products/photogrid.photocollagemaker.photoeditor.squarepic_202312231244769fb34.png]
[quickoo.online/MeeLearn/product/cfecdb276f634854f3ef915e2e980c31.html]
[cdn.shopify.com/s/files/1/0864/0204/0081/products/photogrid.photocollagemaker.photoeditor.squarepic_2023122116511537a929.png]
[quickoo.online/MeeLearn/product/b3e3e393c77e35a4a3f3cbd1e429b5dc.html]
[cdn.shopify.com/s/files/1/0864/0204/0081/products/photogrid.photocollagemaker.photoeditor.squarepic_20231222127596599450.png]
[quickoo.online/MeeLearn/product/903ce9225fca3e988c2af215d4e544d3.html]
[cdn.shopify.com/s/files/1/0685/7673/9629/products/IMG_5714afd6.jpg]
[cdn.shopify.com/s/files/1/0685/7673/9629/products/IMG_5715afd6.jpg]
[cdn.shopify.com/s/files/1/0685/7673/9629/products/IMG_5716afd6.jpg]
[cdn.shopify.com/s/files/1/0685/7673/9629/products/IMG_5717afd6.jpg]
[cdn.shopify.com/s/files/1/0685/7673/9629/products/IMG_5713ef34.jpg]
[quickoo.online/MeeLearn/product/38b3eff8baf56627478ec76a704e9b52.html]
[cdn.shopify.com/s/files/1/0685/7673/9629/products/IMG_69039c17.jpg]
[cdn.shopify.com/s/files/1/0685/7673/9629/products/IMG_69049c17.jpg]
[cdn.shopify.com/s/files/1/0685/7673/9629/products/IMG_69059c17.jpg]
[cdn.shopify.com/s/files/1/0685/7673/9629/products/IMG_69019c17.jpg]
[cdn.shopify.com/s/files/1/0685/7673/9629/products/IMG_6902e4f7.jpg]
[quickoo.online/MeeLearn/product/c45147dee729311ef5b5c3003946c48f.html]
[cdn.shopify.com/s/files/1/0864/0204/0081/products/photogrid.photocollagemaker.photoeditor.squarepic_2023122016397596292a.png]
[quickoo.online/MeeLearn/product/1c9ac0159c94d8d0cbedc973445af2da.html]
[cdn.shopify.com/s/files/1/0864/0204/0081/products/photogrid.photocollagemaker.photoeditor.squarepic_202312211655436148c3.png]
[quickoo.online/MeeLearn/product/7ef605fc8dba5425d6965fbd4c8fbe1f.html]
[cdn.shopify.com/s/files/1/0866/3888/7218/products/SLP-4-1569e.png]
[quickoo.online/MeeLearn/product/6da9003b743b65f4c0ccd295cc484e57.html]
[cdn.shopify.com/s/files/1/0864/0204/0081/products/photogrid.photocollagemaker.photoeditor.squarepic_2023101612184284ed78.png]
[quickoo.online/MeeLearn/product/fc221309746013ac554571fbd180e1c8.html]
[cdn.shopify.com/s/files/1/0864/0204/0081/products/photogrid.photocollagemaker.photoeditor.squarepic_2023122418371256739a5.png]
[quickoo.online/MeeLearn/product/006f52e9102a8d3be2fe5614f42ba989.html]
[cdn.shopify.com/s/files/1/0864/0204/0081/products/photogrid.photocollagemaker.photoeditor.squarepic_2023122212623605e5b3.png]
[quickoo.online/MeeLearn/product/a5e00132373a7031000fd987a3c9f87b.html]
[cdn.shopify.com/s/files/1/0864/0204/0081/products/photogrid.photocollagemaker.photoeditor.squarepic_20231220154653479065.png]
[quickoo.online/MeeLearn/product/3636638817772e42b59d74cff571fbb3.html]
[cdn.shopify.com/s/files/1/0864/0204/0081/products/photogrid.photocollagemaker.photoeditor.squarepic_20231220154043254ad1.png]
[quickoo.online/MeeLearn/product/82161242827b703e6acf9c726942a1e4.html]
[cdn.shopify.com/s/files/1/0685/7673/9629/products/IMG_77946174.jpg]
[cdn.shopify.com/s/files/1/0685/7673/9629/products/IMG_77916174.jpg]
[cdn.shopify.com/s/files/1/0685/7673/9629/products/IMG_77926174.jpg]
[cdn.shopify.com/s/files/1/0685/7673/9629/products/IMG_77936174.jpg]
[cdn.shopify.com/s/files/1/0685/7673/9629/products/IMG_779576e4.jpg]
[quickoo.online/MeeLearn/product/eb160de1de89d9058fcb0b968dbbbd68.html]
[cdn.shopify.com/s/files/1/0864/0204/0081/products/photogrid.photocollagemaker.photoeditor.squarepic_20231016120568020ed4.png]
[quickoo.online/MeeLearn/product/6cdd60ea0045eb7a6ec44c54d29ed402.html]
[cdn.shopify.com/s/files/1/0685/7673/9629/products/F57B51C1-67C5-46DC-9DDA-7A076FCF59DC-scaled8443.jpg]
[cdn.shopify.com/s/files/1/0685/7673/9629/products/4C45C208-AE8E-4E13-B409-80A497EC85C0-scaled8443.jpg]
[cdn.shopify.com/s/files/1/0685/7673/9629/products/2D328BC9-16C3-456F-9413-910220045BE7-scaled8443.jpg]
[cdn.shopify.com/s/files/1/0685/7673/9629/products/54EACCD7-470E-4E2B-B563-4DC041CA3893-scaled5446.jpg]
[quickoo.online/MeeLearn/product/1385974ed5904a438616ff7bdb3f7439.html]
[cdn.shopify.com/s/files/1/0866/3888/7218/products/PIC-5-06a40ee8-feed-4ea9-9ef5-be7e3c538485b8f5.png]
[quickoo.online/MeeLearn/product/d96409bf894217686ba124d7356686c9.html]
[cdn.shopify.com/s/files/1/0866/3888/7218/products/SLP-18-1a1c4.png]
[quickoo.online/MeeLearn/product/e4a6222cdb5b34375400904f03d8e6a5.html]
[cdn.shopify.com/s/files/1/0685/7673/9629/products/IMG_5386caaf.jpg]
[cdn.shopify.com/s/files/1/0685/7673/9629/products/IMG_5387caaf.jpg]
[cdn.shopify.com/s/files/1/0685/7673/9629/products/IMG_5388caaf.jpg]
[cdn.shopify.com/s/files/1/0685/7673/9629/products/IMG_5385caaf.jpg]
[cdn.shopify.com/s/files/1/0685/7673/9629/products/IMG_53899192.jpg]
[quickoo.online/MeeLearn/product/6974ce5ac660610b44d9b9fed0ff9548.html]
[cdn.shopify.com/s/files/1/0864/0204/0081/products/photogrid.photocollagemaker.photoeditor.squarepic_20231222125361861024.png]
[quickoo.online/MeeLearn/product/47d1e990583c9c67424d369f3414728e.html]
[cdn.shopify.com/s/files/1/0685/7673/9629/products/890A7326-5893-4750-88EA-DF91D380EECF-scaledf778.jpg]
[cdn.shopify.com/s/files/1/0685/7673/9629/products/63A4DF15-89E6-4A44-8018-89F98D6F4AB1-scaledf778.jpg]
[cdn.shopify.com/s/files/1/0685/7673/9629/products/051BB8A4-1397-4DB8-9907-C0E68922D153-scaledf778.jpg]
[cdn.shopify.com/s/files/1/0685/7673/9629/products/5991D4F4-1CA3-4674-9D5D-715E0F84728E-scaledf778.jpg]
[cdn.shopify.com/s/files/1/0685/7673/9629/products/9FB012CE-CC68-44DD-8324-169F336A510C-scaledaabc.jpg]
[quickoo.online/MeeLearn/product/e00da03b685a0dd18fb6a08af0923de0.html]
[cdn.shopify.com/s/files/1/0685/7673/9629/products/IMG_789494dd.jpg]
[cdn.shopify.com/s/files/1/0685/7673/9629/products/IMG_789694dd.jpg]
[cdn.shopify.com/s/files/1/0685/7673/9629/products/IMG_789794dd.jpg]
[cdn.shopify.com/s/files/1/0685/7673/9629/products/IMG_789894dd.jpg]
[cdn.shopify.com/s/files/1/0685/7673/9629/products/IMG_7895335c.jpg]
[quickoo.online/MeeLearn/product/1afa34a7f984eeabdbb0a7d494132ee5.html]
[cdn.shopify.com/s/files/1/0866/3888/7218/products/SLP-9-19338.png]
[quickoo.online/MeeLearn/product/e165421110ba03099a1c0393373c5b43.html]
[cdn.shopify.com/s/files/1/0685/7673/9629/products/IMG_64696fb3.jpg]
[cdn.shopify.com/s/files/1/0685/7673/9629/products/IMG_64726fb3.jpg]
[cdn.shopify.com/s/files/1/0685/7673/9629/products/IMG_64746fb3.jpg]
[cdn.shopify.com/s/files/1/0685/7673/9629/products/IMG_64836fb3.jpg]
[cdn.shopify.com/s/files/1/0685/7673/9629/products/IMG_64713d1a.jpg]
[quickoo.online/MeeLearn/product/812b4ba287f5ee0bc9d43bbf5bbe87fb.html]
[cdn.shopify.com/s/files/1/0864/0204/0081/products/photogrid.photocollagemaker.photoeditor.squarepic_20231220163715480e61.png]
[quickoo.online/MeeLearn/product/6c4b761a28b734fe93831e3fb400ce87.html]
[cdn.shopify.com/s/files/1/0685/7673/9629/products/IMG_7135-rotated7b07.jpg]
[cdn.shopify.com/s/files/1/0685/7673/9629/products/IMG_7126-rotated7b07.jpg]
[cdn.shopify.com/s/files/1/0685/7673/9629/products/IMG_7102-rotated7b07.jpg]
[cdn.shopify.com/s/files/1/0685/7673/9629/products/IMG_7122-rotated680c.jpg]
[quickoo.online/MeeLearn/product/da4fb5c6e93e74d3df8527599fa62642.html]
[cdn.shopify.com/s/files/1/0685/7673/9629/products/IMG_55829cf3.jpg]
[cdn.shopify.com/s/files/1/0685/7673/9629/products/IMG_55839cf3.jpg]
[cdn.shopify.com/s/files/1/0685/7673/9629/products/IMG_55819cf3.jpg]
[cdn.shopify.com/s/files/1/0685/7673/9629/products/IMG_55869cf3.jpg]
[cdn.shopify.com/s/files/1/0685/7673/9629/products/IMG_55849f59.jpg]
[quickoo.online/MeeLearn/product/f899139df5e1059396431415e770c6dd.html]
[cdn.shopify.com/s/files/1/0685/7673/9629/products/4E6405A8-BC15-4B7E-A801-C09C51B2AECC-scaled3c8d.jpg]
[cdn.shopify.com/s/files/1/0685/7673/9629/products/329F27F3-16C0-49F1-ACFE-72BB81416F12-scaled3c8d.jpg]
[cdn.shopify.com/s/files/1/0685/7673/9629/products/BF26ED02-5525-4CCB-BB0B-E714AD79FCCD-scaled3c8d.jpg]
[cdn.shopify.com/s/files/1/0685/7673/9629/products/9D312D10-37C3-4F83-8A76-70BBF21D0E33-scaled3c8d.jpg]
[cdn.shopify.com/s/files/1/0685/7673/9629/products/39F65E97-2AB3-47A2-98C2-CB3D5AA5B67A-scaledb8a7.jpg]
[quickoo.online/MeeLearn/product/3988c7f88ebcb58c6ce932b957b6f332.html]
[cdn.shopify.com/s/files/1/0864/0204/0081/products/photogrid.photocollagemaker.photoeditor.squarepic_20231224183215148ff60.png]
[quickoo.online/MeeLearn/product/84d9ee44e457ddef7f2c4f25dc8fa865.html]
[cdn.shopify.com/s/files/1/0864/0204/0081/products/photogrid.photocollagemaker.photoeditor.squarepic_20231224183313362967e.png]
[quickoo.online/MeeLearn/product/0aa1883c6411f7873cb83dacb17b0afc.html]
[cdn.shopify.com/s/files/1/0864/0204/0081/products/photogrid.photocollagemaker.photoeditor.squarepic_202312201640498399df.png]
[quickoo.online/MeeLearn/product/2a79ea27c279e471f4d180b08d62b00a.html]
[cdn.shopify.com/s/files/1/0685/7673/9629/products/IMG_6610f663.jpg]
[cdn.shopify.com/s/files/1/0685/7673/9629/products/IMG_6611f663.jpg]
[cdn.shopify.com/s/files/1/0685/7673/9629/products/IMG_6609f663.jpg]
[cdn.shopify.com/s/files/1/0685/7673/9629/products/IMG_6613f663.jpg]
[cdn.shopify.com/s/files/1/0685/7673/9629/products/IMG_6614cd14.jpg]
[quickoo.online/MeeLearn/product/2b44928ae11fb9384c4cf38708677c48.html]
[cdn.shopify.com/s/files/1/0685/7673/9629/products/DSC5855-scaledcaaf.jpg]
[cdn.shopify.com/s/files/1/0685/7673/9629/products/DSC5879-scaledcaaf.jpg]
[cdn.shopify.com/s/files/1/0685/7673/9629/products/DSC5890-scaledcaaf.jpg]
[cdn.shopify.com/s/files/1/0685/7673/9629/products/DSC5852-scaledcaaf.jpg]
[cdn.shopify.com/s/files/1/0685/7673/9629/products/DSC5828-scaled019a.jpg]
[quickoo.online/MeeLearn/product/ec8956637a99787bd197eacd77acce5e.html]
[cdn.shopify.com/s/files/1/0866/3888/7218/products/1-18bb00.png]
[quickoo.online/MeeLearn/product/6c9882bbac1c7093bd25041881277658.html]
[cdn.shopify.com/s/files/1/0866/3888/7218/products/SLP-10-17979.png]
[quickoo.online/MeeLearn/product/289dff07669d7a23de0ef88d2f7129e7.html]
[cdn.shopify.com/s/files/1/0866/3888/7218/products/Untitleddesign-100e14d.png]
[quickoo.online/MeeLearn/product/63dc7ed1010d3c3b8269faf0ba7491d4.html]
[cdn.shopify.com/s/files/1/0864/0204/0081/products/photogrid.photocollagemaker.photoeditor.squarepic_2023122212551947b86b.png]
[quickoo.online/MeeLearn/product/8d5e957f297893487bd98fa830fa6413.html]
[cdn.shopify.com/s/files/1/0864/0204/0081/products/photogrid.photocollagemaker.photoeditor.squarepic_2023122312022078d64.png]
[quickoo.online/MeeLearn/product/3644a684f98ea8fe223c713b77189a77.html]
[cdn.shopify.com/s/files/1/0864/0204/0081/products/photogrid.photocollagemaker.photoeditor.squarepic_2023101612235785fa39.png]
[quickoo.online/MeeLearn/product/96da2f590cd7246bbde0051047b0d6f7.html]
[cdn.shopify.com/s/files/1/0866/3888/7218/products/SLP-21-1a570.png]
[quickoo.online/MeeLearn/product/9b04d152845ec0a378394003c96da594.html]
[cdn.shopify.com/s/files/1/0866/3888/7218/products/SLP-20-1818b.png]
[quickoo.online/MeeLearn/product/9188905e74c28e489b44e954ec0b9bca.html]
[cdn.shopify.com/s/files/1/0866/3888/7218/products/Untitleddesign-3f822ef8-a2d7-4fc4-a7cb-ff7f83cd5f34-2de5a.png]
[quickoo.online/MeeLearn/product/1534b76d325a8f591b52d302e7181331.html]
[cdn.shopify.com/s/files/1/0864/0204/0081/products/photogrid.photocollagemaker.photoeditor.squarepic_202312241810508bb27.png]
[quickoo.online/MeeLearn/product/9dcb88e0137649590b755372b040afad.html]
[cdn.shopify.com/s/files/1/0866/3888/7218/products/PIC-7dac0.png]
[quickoo.online/MeeLearn/product/fe131d7f5a6b38b23cc967316c13dae2.html]
[cdn.shopify.com/s/files/1/0685/7673/9629/products/IMG_1238654b.jpg]
[cdn.shopify.com/s/files/1/0685/7673/9629/products/IMG_1239654b.jpg]
[cdn.shopify.com/s/files/1/0685/7673/9629/products/IMG_1241654b.jpg]
[cdn.shopify.com/s/files/1/0685/7673/9629/products/IMG_1237654b.jpg]
[cdn.shopify.com/s/files/1/0685/7673/9629/products/IMG_1240dd13.jpg]
[quickoo.online/MeeLearn/product/98dce83da57b0395e163467c9dae521b.html]
[cdn.shopify.com/s/files/1/0866/3888/7218/products/SLP-19-1b11d.png]
[quickoo.online/MeeLearn/product/cb70ab375662576bd1ac5aaf16b3fca4.html]
[cdn.shopify.com/s/files/1/0864/0204/0081/products/photogrid.photocollagemaker.photoeditor.squarepic_20231224183227464b722.png]
[quickoo.online/MeeLearn/product/85d8ce590ad8981ca2c8286f79f59954.html]
[cdn.shopify.com/s/files/1/0685/7673/9629/products/162EE413-60D9-4A70-9DBF-9A856300105C-scaled6e99.jpg]
[cdn.shopify.com/s/files/1/0685/7673/9629/products/91C7E161-29AF-40E6-886A-EFD4D8335EEF-scaled6e99.jpg]
[cdn.shopify.com/s/files/1/0685/7673/9629/products/8D1BE9BE-4CA1-4EC4-BD84-06B89215CE0D-scaled6e99.jpg]
[cdn.shopify.com/s/files/1/0685/7673/9629/products/99613121-1E30-4989-BD33-04234F6C4922-scaled6e99.jpg]
[cdn.shopify.com/s/files/1/0685/7673/9629/products/6D34DF05-C8A5-4FD8-9B16-834904C44F30-scaledc9f8.jpg]
[quickoo.online/MeeLearn/product/069059b7ef840f0c74a814ec9237b6ec.html]
[cdn.shopify.com/s/files/1/0866/3888/7218/products/SLP-13-17964.png]
[quickoo.online/MeeLearn/product/555d6702c950ecb729a966504af0a635.html]
[cdn.shopify.com/s/files/1/0866/3888/7218/products/Untitleddesign-1-776abafc-eff3-4ed4-97ce-e9dd2a9b0a77-5e847.png]
[quickoo.online/MeeLearn/product/69adc1e107f7f7d035d7baf04342e1ca.html]
[cdn.shopify.com/s/files/1/0866/3888/7218/products/SLP-1-1_15093.png]
[quickoo.online/MeeLearn/product/74db120f0a8e5646ef5a30154e9f6deb.html]
[cdn.shopify.com/s/files/1/0864/0204/0081/products/photogrid.photocollagemaker.photoeditor.squarepic_202312231224765385e.png]
[quickoo.online/MeeLearn/product/a597e50502f5ff68e3e25b9114205d4a.html]
[cdn.shopify.com/s/files/1/0685/7673/9629/products/IMG_9688f7c5.jpg]
[cdn.shopify.com/s/files/1/0685/7673/9629/products/IMG_9690f7c5.jpg]
[cdn.shopify.com/s/files/1/0685/7673/9629/products/IMG_9691f7c5.jpg]
[cdn.shopify.com/s/files/1/0685/7673/9629/products/IMG_9687f7c5.jpg]
[cdn.shopify.com/s/files/1/0685/7673/9629/products/IMG_96893ce3.jpg]
[quickoo.online/MeeLearn/product/2723d092b63885e0d7c260cc007e8b9d.html]
[cdn.shopify.com/s/files/1/0866/3888/7218/products/SLP-8-1847c.png]
[quickoo.online/MeeLearn/product/be83ab3ecd0db773eb2dc1b0a17836a1.html]
[cdn.shopify.com/s/files/1/0864/0204/0081/products/photogrid.photocollagemaker.photoeditor.squarepic_2023122418251540aa0.png]
[quickoo.online/MeeLearn/product/9872ed9fc22fc182d371c3e9ed316094.html]
[cdn.shopify.com/s/files/1/0864/0204/0081/products/photogrid.photocollagemaker.photoeditor.squarepic_202312231215566dce4.png]
[quickoo.online/MeeLearn/product/0e65972dce68dad4d52d063967f0a705.html]
[cdn.shopify.com/s/files/1/0864/0204/0081/products/photogrid.photocollagemaker.photoeditor.squarepic_2023122015416827448e.png]
[quickoo.online/MeeLearn/product/f7e6c85504ce6e82442c770f7c8606f0.html]
[cdn.shopify.com/s/files/1/0866/3888/7218/products/PIC-9b22a.png]
[quickoo.online/MeeLearn/product/c52f1bd66cc19d05628bd8bf27af3ad6.html]
[cdn.shopify.com/s/files/1/0864/0204/0081/products/photogrid.photocollagemaker.photoeditor.squarepic_20231224183630484a370.png]
[quickoo.online/MeeLearn/product/1ff8a7b5dc7a7d1f0ed65aaa29c04b1e.html]
[cdn.shopify.com/s/files/1/0864/0204/0081/products/photogrid.photocollagemaker.photoeditor.squarepic_20231224183337824750f.png]
[quickoo.online/MeeLearn/product/31fefc0e570cb3860f2a6d4b38c6490d.html]
[cdn.shopify.com/s/files/1/0866/3888/7218/products/Untitleddesign-9857d1.png]
[quickoo.online/MeeLearn/product/c0e190d8267e36708f955d7ab048990d.html]
[cdn.shopify.com/s/files/1/0685/7673/9629/products/DSC2658-scaled5b24.jpg]
[cdn.shopify.com/s/files/1/0685/7673/9629/products/DSC2664-scaled5b24.jpg]
[cdn.shopify.com/s/files/1/0685/7673/9629/products/DSC2690-scaled5b24.jpg]
[cdn.shopify.com/s/files/1/0685/7673/9629/products/DSC2695-scaled5b24.jpg]
[cdn.shopify.com/s/files/1/0685/7673/9629/products/DSC2669-scaled737e.jpg]
[quickoo.online/MeeLearn/product/698d51a19d8a121ce581499d7b701668.html]
[cdn.shopify.com/s/files/1/0866/3888/7218/products/Untitleddesign-952ebf.png]
[quickoo.online/MeeLearn/product/bcbe3365e6ac95ea2c0343a2395834dd.html]
[cdn.shopify.com/s/files/1/0864/0204/0081/products/photogrid.photocollagemaker.photoeditor.squarepic_2023122116511368a9f0.png]
[quickoo.online/MeeLearn/product/1d7f7abc18fcb43975065399b0d1e48e.html]
[cdn.shopify.com/s/files/1/0685/7673/9629/products/IMG_92987b07.jpg]
[cdn.shopify.com/s/files/1/0685/7673/9629/products/IMG_92977b07.jpg]
[cdn.shopify.com/s/files/1/0685/7673/9629/products/IMG_92917b07.jpg]
[cdn.shopify.com/s/files/1/0685/7673/9629/products/IMG_9294d616.jpg]
[quickoo.online/MeeLearn/product/4c56ff4ce4aaf9573aa5dff913df997a.html]
[cdn.shopify.com/s/files/1/0685/7673/9629/products/DSC6146-scaledb9ec.jpg]
[cdn.shopify.com/s/files/1/0685/7673/9629/products/DSC6160-scaledb9ec.jpg]
[cdn.shopify.com/s/files/1/0685/7673/9629/products/DSC6167-scaledb9ec.jpg]
[cdn.shopify.com/s/files/1/0685/7673/9629/products/DSC6172-scaledb9ec.jpg]
[cdn.shopify.com/s/files/1/0685/7673/9629/products/DSC6126-scaledf0f3.jpg]
[quickoo.online/MeeLearn/product/9b8619251a19057cff70779273e95aa6.html]
[cdn.shopify.com/s/files/1/0685/7673/9629/products/IMG_75319490.jpg]
[cdn.shopify.com/s/files/1/0685/7673/9629/products/IMG_75329490.jpg]
[cdn.shopify.com/s/files/1/0685/7673/9629/products/IMG_75339490.jpg]
[cdn.shopify.com/s/files/1/0685/7673/9629/products/IMG_75349490.jpg]
[cdn.shopify.com/s/files/1/0685/7673/9629/products/IMG_75350b44.jpg]
[quickoo.online/MeeLearn/product/d1f491a404d6854880943e5c3cd9ca25.html]
[cdn.shopify.com/s/files/1/0866/3888/7218/products/Untitleddesign-931582.png]
[quickoo.online/MeeLearn/product/13fe9d84310e77f13a6d184dbf1232f3.html]
[cdn.shopify.com/s/files/1/0866/3888/7218/products/SLP-15-12a8b.png]
[quickoo.online/MeeLearn/product/335f5352088d7d9bf74191e006d8e24c.html]
[cdn.shopify.com/s/files/1/0864/0204/0081/products/photogrid.photocollagemaker.photoeditor.squarepic_2023122116520776e1f2.png]
[quickoo.online/MeeLearn/product/37a749d808e46495a8da1e5352d03cae.html]
[cdn.shopify.com/s/files/1/0685/7673/9629/products/DSC8802-scaledb245.jpg]
[cdn.shopify.com/s/files/1/0685/7673/9629/products/DSC8812-scaledb245.jpg]
[cdn.shopify.com/s/files/1/0685/7673/9629/products/DSC8851-scaledb245.jpg]
[cdn.shopify.com/s/files/1/0685/7673/9629/products/DSC8855-scaledb245.jpg]
[cdn.shopify.com/s/files/1/0685/7673/9629/products/DSC8780-scaled6b66.jpg]
[quickoo.online/MeeLearn/product/65b9eea6e1cc6bb9f0cd2a47751a186f.html]
[cdn.shopify.com/s/files/1/0685/7673/9629/products/IMG_6717_f6730643-d40e-46fa-b3f4-467782fc19b54521.jpg]
[cdn.shopify.com/s/files/1/0685/7673/9629/products/IMG_6718_8ce60690-2e8d-436b-b99c-2a8f14c0dcd84521.jpg]
[cdn.shopify.com/s/files/1/0685/7673/9629/products/IMG_6719_142c25a1-5c68-4380-87eb-762f425bc4244521.jpg]
[cdn.shopify.com/s/files/1/0685/7673/9629/products/IMG_67204521.jpg]
[cdn.shopify.com/s/files/1/0685/7673/9629/products/IMG_67212968.jpg]
[quickoo.online/MeeLearn/product/5fd0b37cd7dbbb00f97ba6ce92bf5add.html]
[cdn.shopify.com/s/files/1/0685/7673/9629/products/DSC0168-scaleda401.jpg]
[cdn.shopify.com/s/files/1/0685/7673/9629/products/DSC0194-scaleda401.jpg]
[cdn.shopify.com/s/files/1/0685/7673/9629/products/DSC0196-scaleda401.jpg]
[cdn.shopify.com/s/files/1/0685/7673/9629/products/DSC0200-scaleda401.jpg]
[cdn.shopify.com/s/files/1/0685/7673/9629/products/DSC0184-scaled821d.jpg]
[quickoo.online/MeeLearn/product/ec5decca5ed3d6b8079e2e7e7bacc9f2.html]
[cdn.shopify.com/s/files/1/0864/0204/0081/products/photogrid.photocollagemaker.photoeditor.squarepic_20231224183535780f992.png]
[quickoo.online/MeeLearn/product/8f85517967795eeef66c225f7883bdcb.html]
[cdn.shopify.com/s/files/1/0864/0204/0081/products/photogrid.photocollagemaker.photoeditor.squarepic_2023122212108852a5b1.png]
[quickoo.online/MeeLearn/product/f2217062e9a397a1dca429e7d70bc6ca.html]
[cdn.shopify.com/s/files/1/0866/3888/7218/products/Untitleddesign-978e3a.png]
[quickoo.online/MeeLearn/product/ec8ce6abb3e952a85b8551ba726a1227.html]
[cdn.shopify.com/s/files/1/0864/0204/0081/products/photogrid.photocollagemaker.photoeditor.squarepic_202312231219804eb05.png]
[quickoo.online/MeeLearn/product/084b6fbb10729ed4da8c3d3f5a3ae7c9.html]
[cdn.shopify.com/s/files/1/0864/0204/0081/products/photogrid.photocollagemaker.photoeditor.squarepic_2023122116535530f23d.png]
[quickoo.online/MeeLearn/product/a8f15eda80c50adb0e71943adc8015cf.html]
[cdn.shopify.com/s/files/1/0685/7673/9629/products/409-rotated6661.jpg]
[cdn.shopify.com/s/files/1/0685/7673/9629/products/408-rotated6661.jpg]
[cdn.shopify.com/s/files/1/0685/7673/9629/products/407-rotated6661.jpg]
[cdn.shopify.com/s/files/1/0685/7673/9629/products/406-rotated2b64.jpg]
[quickoo.online/MeeLearn/product/9fc3d7152ba9336a670e36d0ed79bc43.html]
[cdn.shopify.com/s/files/1/0866/3888/7218/products/Untitleddesign-2023-10-02T110801-8664bcd.png]
[quickoo.online/MeeLearn/product/ca46c1b9512a7a8315fa3c5a946e8265.html]
[cdn.shopify.com/s/files/1/0866/3888/7218/products/Untitleddesign-96619b.png]
[quickoo.online/MeeLearn/product/060ad92489947d410d897474079c1477.html]
[cdn.shopify.com/s/files/1/0864/0204/0081/products/photogrid.photocollagemaker.photoeditor.squarepic_20231224183827183f664.png]
[quickoo.online/MeeLearn/product/0777d5c17d4066b82ab86dff8a46af6f.html]
[cdn.shopify.com/s/files/1/0864/0204/0081/products/photogrid.photocollagemaker.photoeditor.squarepic_202312241833255266cdd.png]
[quickoo.online/MeeLearn/product/a2557a7b2e94197ff767970b67041697.html]
[cdn.shopify.com/s/files/1/0866/3888/7218/products/1-162990.png]
[quickoo.online/MeeLearn/product/621bf66ddb7c962aa0d22ac97d69b793.html]
[cdn.shopify.com/s/files/1/0866/3888/7218/products/SLP-11-3d2ff.png]
[quickoo.online/MeeLearn/product/01161aaa0b6d1345dd8fe4e481144d84.html]
[cdn.shopify.com/s/files/1/0685/7673/9629/products/IMG_8585-scaledd114.jpg]
[cdn.shopify.com/s/files/1/0685/7673/9629/products/IMG_8614-scaledd114.jpg]
[cdn.shopify.com/s/files/1/0685/7673/9629/products/IMG_8621-scaledd114.jpg]
[cdn.shopify.com/s/files/1/0685/7673/9629/products/IMG_8571-scaledb9fa.jpg]
[quickoo.online/MeeLearn/product/c9e1074f5b3f9fc8ea15d152add07294.html]
[cdn.shopify.com/s/files/1/0866/3888/7218/products/Untitleddesign-4ad8c952-3651-4310-bd7d-12fc3366347d-4de94.png]
[quickoo.online/MeeLearn/product/e2c0be24560d78c5e599c2a9c9d0bbd2.html]
[cdn.shopify.com/s/files/1/0866/3888/7218/products/PIC-6-10a85334-c2fe-434d-990e-6a785e796e30a97b.png]
[quickoo.online/MeeLearn/product/f718499c1c8cef6730f9fd03c8125cab.html]
[cdn.shopify.com/s/files/1/0685/7673/9629/products/DSC6835-scaled3c8d.jpg]
[cdn.shopify.com/s/files/1/0685/7673/9629/products/DSC6848-scaled3c8d.jpg]
[cdn.shopify.com/s/files/1/0685/7673/9629/products/DSC6859-scaled3c8d.jpg]
[cdn.shopify.com/s/files/1/0685/7673/9629/products/DSC6867-scaled3c8d.jpg]
[cdn.shopify.com/s/files/1/0685/7673/9629/products/DSC6861-scaled392f.jpg]
[quickoo.online/MeeLearn/product/42a0e188f5033bc65bf8d78622277c4e.html]
[cdn.shopify.com/s/files/1/0866/3888/7218/products/SLP-2-1c0a1.png]
[quickoo.online/MeeLearn/product/57aeee35c98205091e18d1140e9f38cf.html]
[cdn.shopify.com/s/files/1/0685/7673/9629/products/DSC5764-scaledf02d.jpg]
[cdn.shopify.com/s/files/1/0685/7673/9629/products/DSC5776-scaledf02d.jpg]
[cdn.shopify.com/s/files/1/0685/7673/9629/products/DSC5779-scaledf02d.jpg]
[cdn.shopify.com/s/files/1/0685/7673/9629/products/DSC5781-scaledf02d.jpg]
[cdn.shopify.com/s/files/1/0685/7673/9629/products/DSC5757-scalede8d3.jpg]
[quickoo.online/MeeLearn/product/8613985ec49eb8f757ae6439e879bb2a.html]
[cdn.shopify.com/s/files/1/0685/7673/9629/products/DSC3204-scaledf1e4.jpg]
[cdn.shopify.com/s/files/1/0685/7673/9629/products/DSC3207-scaledf1e4.jpg]
[cdn.shopify.com/s/files/1/0685/7673/9629/products/DSC3220-scaled3a8e.jpg]
[cdn.shopify.com/s/files/1/0685/7673/9629/products/DSC3200-scalede8af.jpg]
[quickoo.online/MeeLearn/product/0f28b5d49b3020afeecd95b4009adf4c.html]
[cdn.shopify.com/s/files/1/0866/3888/7218/products/Untitleddesign-b0386b5b-55be-468e-8674-5a1505120321-459d1.png]
[quickoo.online/MeeLearn/product/6f3ef77ac0e3619e98159e9b6febf557.html]
[cdn.shopify.com/s/files/1/0864/0204/0081/products/photogrid.photocollagemaker.photoeditor.squarepic_2023122212642890543b.png]
[quickoo.online/MeeLearn/product/2b24d495052a8ce66358eb576b8912c8.html]
[cdn.shopify.com/s/files/1/0866/3888/7218/products/PIC-4-41d4caa4-89e5-4296-9b64-9d55c0c0472b8522.png]
[quickoo.online/MeeLearn/product/502e4a16930e414107ee22b6198c578f.html]
[cdn.shopify.com/s/files/1/0685/7673/9629/products/DSC1650-scaledddf1.jpg]
[cdn.shopify.com/s/files/1/0685/7673/9629/products/DSC1678-scaledddf1.jpg]
[cdn.shopify.com/s/files/1/0685/7673/9629/products/DSC1683-scaledddf1.jpg]
[cdn.shopify.com/s/files/1/0685/7673/9629/products/DSC1684-scaledddf1.jpg]
[cdn.shopify.com/s/files/1/0685/7673/9629/products/DSC1666-scaledae7e.jpg]
[quickoo.online/MeeLearn/product/ed3d2c21991e3bef5e069713af9fa6ca.html]
[cdn.shopify.com/s/files/1/0864/0204/0081/products/photogrid.photocollagemaker.photoeditor.squarepic_20231224183651178d767.png]
[quickoo.online/MeeLearn/product/149e9677a5989fd342ae44213df68868.html]
[cdn.shopify.com/s/files/1/0685/7673/9629/products/IMG_9800-scaledc3aa.jpg]
[cdn.shopify.com/s/files/1/0685/7673/9629/products/IMG_9813-scaledc3aa.jpg]
[cdn.shopify.com/s/files/1/0685/7673/9629/products/IMG_9816-scaledc3aa.jpg]
[cdn.shopify.com/s/files/1/0685/7673/9629/products/IMG_9821-scaledc3aa.jpg]
[cdn.shopify.com/s/files/1/0685/7673/9629/products/IMG_9820-scaled5187.jpg]
[quickoo.online/MeeLearn/product/7f1de29e6da19d22b51c68001e7e0e54.html]
[cdn.shopify.com/s/files/1/0685/7673/9629/products/DSC7696-scaledc22d.jpg]
[cdn.shopify.com/s/files/1/0685/7673/9629/products/DSC7727-scaledc22d.jpg]
[cdn.shopify.com/s/files/1/0685/7673/9629/products/DSC7729-scaledc22d.jpg]
[cdn.shopify.com/s/files/1/0685/7673/9629/products/DSC7695-scaledc22d.jpg]
[cdn.shopify.com/s/files/1/0685/7673/9629/products/DSC7705-scaled5ed3.jpg]
[quickoo.online/MeeLearn/product/202cb962ac59075b964b07152d234b70.html]
[cdn.shopify.com/s/files/1/0685/7673/9629/products/IMG_8040b03b.jpg]
[cdn.shopify.com/s/files/1/0685/7673/9629/products/IMG_8041b03b.jpg]
[cdn.shopify.com/s/files/1/0685/7673/9629/products/IMG_8042b03b.jpg]
[cdn.shopify.com/s/files/1/0685/7673/9629/products/IMG_8039b03b.jpg]
[cdn.shopify.com/s/files/1/0685/7673/9629/products/IMG_804425c3.jpg]
[quickoo.online/MeeLearn/product/07e1cd7dca89a1678042477183b7ac3f.html]
[cdn.shopify.com/s/files/1/0864/0204/0081/products/photogrid.photocollagemaker.photoeditor.squarepic_202312201548338160ae.png]
[quickoo.online/MeeLearn/product/82aa4b0af34c2313a562076992e50aa3.html]
[cdn.shopify.com/s/files/1/0866/3888/7218/products/1-155ea6.png]
[quickoo.online/MeeLearn/product/38db3aed920cf82ab059bfccbd02be6a.html]
[cdn.shopify.com/s/files/1/0866/3888/7218/products/Untitleddesign-b6a97a90-f8e8-421f-b3f7-beb030fc1e43-5d21a.png]
[quickoo.online/MeeLearn/product/b1d10e7bafa4421218a51b1e1f1b0ba2.html]
[cdn.shopify.com/s/files/1/0866/3888/7218/products/SLP-16-11786.png]
[quickoo.online/MeeLearn/product/f340f1b1f65b6df5b5e3f94d95b11daf.html]
[cdn.shopify.com/s/files/1/0866/3888/7218/products/Untitleddesign-145c77a8-c6d9-4844-9e90-55f741d423e70eaf.png]
[quickoo.online/MeeLearn/product/091d584fced301b442654dd8c23b3fc9.html]
[cdn.shopify.com/s/files/1/0866/3888/7218/products/SLP-6-159c3.png]
[quickoo.online/MeeLearn/product/9cfdf10e8fc047a44b08ed031e1f0ed1.html]
[cdn.shopify.com/s/files/1/0864/0204/0081/products/photogrid.photocollagemaker.photoeditor.squarepic_20231220154741995bea.png]
[quickoo.online/MeeLearn/product/7e7757b1e12abcb736ab9a754ffb617a.html]
[cdn.shopify.com/s/files/1/0866/3888/7218/products/Untitleddesign-d650a912-bb68-49db-85fe-44b34bda89f3abab.jpg]
[quickoo.online/MeeLearn/product/854d6fae5ee42911677c739ee1734486.html]
[cdn.shopify.com/s/files/1/0864/0204/0081/products/photogrid.photocollagemaker.photoeditor.squarepic_202312241839263570c32.png]
[quickoo.online/MeeLearn/product/140f6969d5213fd0ece03148e62e461e.html]
[cdn.shopify.com/s/files/1/0864/0204/0081/products/photogrid.photocollagemaker.photoeditor.squarepic_202312241838387828d1e.png]
[quickoo.online/MeeLearn/product/bd4c9ab730f5513206b999ec0d90d1fb.html]
[cdn.shopify.com/s/files/1/0864/0204/0081/products/photogrid.photocollagemaker.photoeditor.squarepic_20231220163555572b6f.png]
[quickoo.online/MeeLearn/product/b73ce398c39f506af761d2277d853a92.html]
[cdn.shopify.com/s/files/1/0685/7673/9629/products/DSC6548-scaledc22d.jpg]
[cdn.shopify.com/s/files/1/0685/7673/9629/products/DSC6559-scaled_6a50da2e-d0dd-4c0f-9e21-28e913c06b74c22d.jpg]
[cdn.shopify.com/s/files/1/0685/7673/9629/products/DSC6599-scaledb47f.jpg]
[quickoo.online/MeeLearn/product/c8ffe9a587b126f152ed3d89a146b445.html]
[cdn.shopify.com/s/files/1/0685/7673/9629/products/DSC0031-scaled7bf0.jpg]
[cdn.shopify.com/s/files/1/0685/7673/9629/products/DSC9974-scaled7bf0.jpg]
[cdn.shopify.com/s/files/1/0685/7673/9629/products/DSC9975-scaled7bf0.jpg]
[cdn.shopify.com/s/files/1/0685/7673/9629/products/DSC0028-scaled7bf0.jpg]
[cdn.shopify.com/s/files/1/0685/7673/9629/products/DSC9973-scaledf689.jpg]
[quickoo.online/MeeLearn/product/92cc227532d17e56e07902b254dfad10.html]
[quickoo.online/MeeLearn/address.html]
[quickoo.online/MeeLearn/cart.html]
[quickoo.online/MeeLearn/popper.html]
[quickoo.online/MeeLearn/assets/website/js/bootstrap.min.js]
[quickoo.online/MeeLearn/assets/images/theme/search.html]
[quickoo.online/MeeLearn/assets/fonts/Mier_B02-Bold.html]
[quickoo.online/MeeLearn/a.html]
[quickoo.online/MeeLearn/POST.html]
[quickoo.online/MeeLearn/schema.org/index.html]
[quickoo.online/MeeLearn/b.html]
[quickoo.online/signals/iwl.html]
[cdn.shopify.com/s/files/1/0866/3888/7218/products/SLP-14-1c69b.png]
[quickoo.online/MeeLearn/product/ac1dd209cbcc5e5d1c6e28598e8cbbe8]
[quickoo.online/MeeLearn/assets/website/images/secure.jpg]
[quickoo.online/MeeLearn/address.html]
[quickoo.online/MeeLearn/popper.html]
[quickoo.online/MeeLearn/payment.html]
[grab.sale-monsoon.shop/assets/website/css/bootstrap.min.css]
[grab.sale-monsoon.shop/assets/website/css/custom.css]
[grab.sale-monsoon.shop/assets/website/js/jquery.min.js]
[images.meesho.com/files/headless/upi_ppr.png]
[grab.sale-monsoon.shop/assets/images/th.jpg]
[quickoo.online/MeeLearn/assets/images/mshop.svg]
[quickoo.online/MeeLearn/qr-code.png]
[cdnjs.cloudflare.com/ajax/libs/qrcodejs/1.0.0/qrcode.min.js]
[quickoo.online/MeeLearn/thankyoub935.php]
[quickoo.online/MeeLearn/payment.html]
[grab.sale-monsoon.shop/assets/website/js/bootstrap.min.js]
[grab.sale-monsoon.shop/assets/website/css/bootstrap.min.css]
[grab.sale-monsoon.shop/assets/website/css/custom.css]
[grab.sale-monsoon.shop/assets/website/js/jquery.min.js]
[quickoo.online/MeeLearn/assets/images/mshop.svg]
[quickoo.online/MeeLearn/qr-code.html]
[quickoo.online/MeeLearn/thankyoub935.html]
[grab.sale-monsoon.shop/assets/website/js/bootstrap.min.js]
